2018-08-25 10:41:31.980 [main] INFO  o.s.t.c.support.DefaultTestContextBootstrapper -Loaded default TestExecutionListener class names from location [META-INF/spring.factories]: [org.springframework.test.context.web.ServletTestExecutionListener, org.springframework.test.context.support.DirtiesContextBeforeModesTestExecutionListener, org.springframework.test.context.support.DependencyInjectionTestExecutionListener, org.springframework.test.context.support.DirtiesContextTestExecutionListener, org.springframework.test.context.transaction.TransactionalTestExecutionListener, org.springframework.test.context.jdbc.SqlScriptsTestExecutionListener]
2018-08-25 10:41:32.015 [main] INFO  o.s.t.c.support.DefaultTestContextBootstrapper -Using TestExecutionListeners: [org.springframework.test.context.web.ServletTestExecutionListener@564718df, org.springframework.test.context.support.DirtiesContextBeforeModesTestExecutionListener@51b7e5df, org.springframework.test.context.support.DependencyInjectionTestExecutionListener@18a70f16, org.springframework.test.context.support.DirtiesContextTestExecutionListener@62e136d3, org.springframework.test.context.transaction.TransactionalTestExecutionListener@c8e4bb0, org.springframework.test.context.jdbc.SqlScriptsTestExecutionListener@6279cee3]
2018-08-25 10:41:32.127 [main] INFO  o.s.beans.factory.xml.XmlBeanDefinitionReader -Loading XML bean definitions from class path resource [spring-application.xml]
2018-08-25 10:41:32.657 [main] INFO  o.s.d.r.config.RepositoryConfigurationDelegate -Multiple Spring Data modules found, entering strict repository configuration mode!
2018-08-25 10:41:32.722 [main] INFO  o.s.beans.factory.xml.XmlBeanDefinitionReader -Loading XML bean definitions from class path resource [shiro.xml]
2018-08-25 10:41:32.764 [main] INFO  o.s.beans.factory.xml.XmlBeanDefinitionReader -Loading XML bean definitions from class path resource [spring-redis.xml]
2018-08-25 10:41:32.779 [main] INFO  o.s.context.support.GenericApplicationContext -Refreshing org.springframework.context.support.GenericApplicationContext@f2f2cc1: startup date [Sat Aug 25 10:41:32 CST 2018]; root of context hierarchy
2018-08-25 10:41:33.138 [main] INFO  o.s.b.f.a.AutowiredAnnotationBeanPostProcessor -JSR-330 'javax.inject.Inject' annotation found and supported for autowiring
2018-08-25 10:41:33.881 [main] INFO  com.alibaba.druid.pool.DruidDataSource -{dataSource-1} inited
2018-08-25 10:41:33.881 [main] INFO  o.s.c.s.PostProcessorRegistrationDelegate$BeanPostProcessorChecker -Bean 'dataSource' of type [com.alibaba.druid.pool.DruidDataSource] is not eligible for getting processed by all BeanPostProcessors (for example: not eligible for auto-proxying)
2018-08-25 10:41:33.908 [main] INFO  o.s.c.s.PostProcessorRegistrationDelegate$BeanPostProcessorChecker -Bean 'org.apache.shiro.spring.security.interceptor.AuthorizationAttributeSourceAdvisor#0' of type [org.apache.shiro.spring.security.interceptor.AuthorizationAttributeSourceAdvisor] is not eligible for getting processed by all BeanPostProcessors (for example: not eligible for auto-proxying)
2018-08-25 10:41:34.039 [main] INFO  o.s.c.s.PostProcessorRegistrationDelegate$BeanPostProcessorChecker -Bean 'hibernateJpaVendorAdapter' of type [org.springframework.orm.jpa.vendor.HibernateJpaVendorAdapter] is not eligible for getting processed by all BeanPostProcessors (for example: not eligible for auto-proxying)
2018-08-25 10:41:34.065 [main] INFO  o.s.orm.jpa.LocalContainerEntityManagerFactoryBean -Building JPA container EntityManagerFactory for persistence unit 'default'
2018-08-25 10:41:35.358 [main] INFO  o.s.orm.jpa.LocalContainerEntityManagerFactoryBean -Initialized JPA EntityManagerFactory for persistence unit 'default'
2018-08-25 10:41:35.360 [main] INFO  o.s.c.s.PostProcessorRegistrationDelegate$BeanPostProcessorChecker -Bean 'entityManagerFactory' of type [org.springframework.orm.jpa.LocalContainerEntityManagerFactoryBean] is not eligible for getting processed by all BeanPostProcessors (for example: not eligible for auto-proxying)
2018-08-25 10:41:35.378 [main] INFO  o.s.c.s.PostProcessorRegistrationDelegate$BeanPostProcessorChecker -Bean 'entityManagerFactory' of type [com.sun.proxy.$Proxy36] is not eligible for getting processed by all BeanPostProcessors (for example: not eligible for auto-proxying)
2018-08-25 10:41:35.392 [main] INFO  o.s.c.s.PostProcessorRegistrationDelegate$BeanPostProcessorChecker -Bean 'userDao' of type [com.warehouse.managerment.dao.sys.impl.UserDaoImpl] is not eligible for getting processed by all BeanPostProcessors (for example: not eligible for auto-proxying)
2018-08-25 10:41:35.398 [main] INFO  o.s.c.s.PostProcessorRegistrationDelegate$BeanPostProcessorChecker -Bean 'userRoleDao' of type [com.warehouse.managerment.dao.sys.impl.UserRoleDaoImpl] is not eligible for getting processed by all BeanPostProcessors (for example: not eligible for auto-proxying)
2018-08-25 10:41:35.400 [main] INFO  o.s.c.s.PostProcessorRegistrationDelegate$BeanPostProcessorChecker -Bean 'userServer' of type [com.warehouse.managerment.server.sys.impl.UserServerImpl] is not eligible for getting processed by all BeanPostProcessors (for example: not eligible for auto-proxying)
2018-08-25 10:41:35.423 [main] INFO  o.s.c.s.PostProcessorRegistrationDelegate$BeanPostProcessorChecker -Bean 'roleDao' of type [com.warehouse.managerment.dao.sys.impl.RoleDaoImpl] is not eligible for getting processed by all BeanPostProcessors (for example: not eligible for auto-proxying)
2018-08-25 10:41:35.424 [main] INFO  o.s.c.s.PostProcessorRegistrationDelegate$BeanPostProcessorChecker -Bean 'roleServer' of type [com.warehouse.managerment.server.sys.impl.RoleServerImpl] is not eligible for getting processed by all BeanPostProcessors (for example: not eligible for auto-proxying)
2018-08-25 10:41:35.437 [main] INFO  o.s.c.s.PostProcessorRegistrationDelegate$BeanPostProcessorChecker -Bean 'userRoleServer' of type [com.warehouse.managerment.server.sys.impl.UserRoleServerImpl] is not eligible for getting processed by all BeanPostProcessors (for example: not eligible for auto-proxying)
2018-08-25 10:41:35.452 [main] INFO  o.s.c.s.PostProcessorRegistrationDelegate$BeanPostProcessorChecker -Bean 'roleFunctionDao' of type [com.warehouse.managerment.dao.sys.impl.RoleFunctionDaoImpl] is not eligible for getting processed by all BeanPostProcessors (for example: not eligible for auto-proxying)
2018-08-25 10:41:35.454 [main] INFO  o.s.c.s.PostProcessorRegistrationDelegate$BeanPostProcessorChecker -Bean 'roleFunctionServer' of type [com.warehouse.managerment.server.sys.impl.RoleFunctionServerImpl] is not eligible for getting processed by all BeanPostProcessors (for example: not eligible for auto-proxying)
2018-08-25 10:41:35.466 [main] INFO  o.s.c.s.PostProcessorRegistrationDelegate$BeanPostProcessorChecker -Bean 'credentialsMatcher' of type [com.warehouse.managerment.entity.shiro.CustomCredentialsMatcher] is not eligible for getting processed by all BeanPostProcessors (for example: not eligible for auto-proxying)
2018-08-25 10:41:35.467 [main] INFO  o.s.c.s.PostProcessorRegistrationDelegate$BeanPostProcessorChecker -Bean 'agentAuthRealm' of type [com.warehouse.managerment.entity.shiro.AgentAuthRealm] is not eligible for getting processed by all BeanPostProcessors (for example: not eligible for auto-proxying)
2018-08-25 10:41:35.491 [main] INFO  o.s.c.s.PostProcessorRegistrationDelegate$BeanPostProcessorChecker -Bean 'sessionIdCookie' of type [org.apache.shiro.web.servlet.SimpleCookie] is not eligible for getting processed by all BeanPostProcessors (for example: not eligible for auto-proxying)
2018-08-25 10:41:35.492 [main] INFO  o.s.c.s.PostProcessorRegistrationDelegate$BeanPostProcessorChecker -Bean 'sessionManager' of type [org.apache.shiro.web.session.mgt.DefaultWebSessionManager] is not eligible for getting processed by all BeanPostProcessors (for example: not eligible for auto-proxying)
2018-08-25 10:41:35.503 [main] INFO  o.s.c.s.PostProcessorRegistrationDelegate$BeanPostProcessorChecker -Bean 'securityManager' of type [org.apache.shiro.web.mgt.DefaultWebSecurityManager] is not eligible for getting processed by all BeanPostProcessors (for example: not eligible for auto-proxying)
2018-08-25 10:41:35.521 [main] INFO  o.s.c.s.PostProcessorRegistrationDelegate$BeanPostProcessorChecker -Bean 'formAuthenticationFilter' of type [org.apache.shiro.web.filter.authc.FormAuthenticationFilter] is not eligible for getting processed by all BeanPostProcessors (for example: not eligible for auto-proxying)
2018-08-25 10:41:35.551 [main] INFO  o.s.c.s.PostProcessorRegistrationDelegate$BeanPostProcessorChecker -Bean 'sysUserFilter' of type [com.warehouse.managerment.entity.shiro.filter.SysUserFilter] is not eligible for getting processed by all BeanPostProcessors (for example: not eligible for auto-proxying)
2018-08-25 10:41:35.557 [main] INFO  o.s.c.s.PostProcessorRegistrationDelegate$BeanPostProcessorChecker -Bean 'util:map#2dde1bff' of type [org.springframework.beans.factory.config.MapFactoryBean] is not eligible for getting processed by all BeanPostProcessors (for example: not eligible for auto-proxying)
2018-08-25 10:41:35.559 [main] INFO  o.s.c.s.PostProcessorRegistrationDelegate$BeanPostProcessorChecker -Bean 'util:map#2dde1bff' of type [java.util.LinkedHashMap] is not eligible for getting processed by all BeanPostProcessors (for example: not eligible for auto-proxying)
2018-08-25 10:41:36.192 [main] INFO  org.mongodb.driver.cluster -Cluster created with settings {hosts=[192.168.0.18:27017], mode=SINGLE, requiredClusterType=UNKNOWN, serverSelectionTimeout='30000 ms', maxWaitQueueSize=500}
2018-08-25 10:41:36.269 [cluster-ClusterId{value='5b80c1e0ab50852e3cd7d650', description='null'}-192.168.0.18:27017] INFO  org.mongodb.driver.connection -Opened connection [connectionId{localValue:1, serverValue:1306}] to 192.168.0.18:27017
2018-08-25 10:41:36.275 [cluster-ClusterId{value='5b80c1e0ab50852e3cd7d650', description='null'}-192.168.0.18:27017] INFO  org.mongodb.driver.cluster -Monitor thread successfully connected to server with description ServerDescription{address=192.168.0.18:27017, type=STANDALONE, state=CONNECTED, ok=true, version=ServerVersion{versionList=[3, 6, 3]}, minWireVersion=0, maxWireVersion=6, maxDocumentSize=16777216, logicalSessionTimeoutMinutes=30, roundTripTimeNanos=3850934}
2018-08-25 10:41:36.438 [main] INFO  org.mongodb.driver.connection -Opened connection [connectionId{localValue:2, serverValue:1307}] to 192.168.0.18:27017
2018-08-25 10:41:36.744 [Thread-3] INFO  o.s.context.support.GenericApplicationContext -Closing org.springframework.context.support.GenericApplicationContext@f2f2cc1: startup date [Sat Aug 25 10:41:32 CST 2018]; root of context hierarchy
2018-08-25 10:41:36.748 [Thread-3] INFO  o.s.orm.jpa.LocalContainerEntityManagerFactoryBean -Closing JPA EntityManagerFactory for persistence unit 'default'
2018-08-25 10:41:36.750 [Thread-3] INFO  com.alibaba.druid.pool.DruidDataSource -{dataSource-1} closed
2018-08-25 10:42:10.730 [main] INFO  o.s.t.c.support.DefaultTestContextBootstrapper -Loaded default TestExecutionListener class names from location [META-INF/spring.factories]: [org.springframework.test.context.web.ServletTestExecutionListener, org.springframework.test.context.support.DirtiesContextBeforeModesTestExecutionListener, org.springframework.test.context.support.DependencyInjectionTestExecutionListener, org.springframework.test.context.support.DirtiesContextTestExecutionListener, org.springframework.test.context.transaction.TransactionalTestExecutionListener, org.springframework.test.context.jdbc.SqlScriptsTestExecutionListener]
2018-08-25 10:42:10.751 [main] INFO  o.s.t.c.support.DefaultTestContextBootstrapper -Using TestExecutionListeners: [org.springframework.test.context.web.ServletTestExecutionListener@564718df, org.springframework.test.context.support.DirtiesContextBeforeModesTestExecutionListener@51b7e5df, org.springframework.test.context.support.DependencyInjectionTestExecutionListener@18a70f16, org.springframework.test.context.support.DirtiesContextTestExecutionListener@62e136d3, org.springframework.test.context.transaction.TransactionalTestExecutionListener@c8e4bb0, org.springframework.test.context.jdbc.SqlScriptsTestExecutionListener@6279cee3]
2018-08-25 10:42:10.847 [main] INFO  o.s.beans.factory.xml.XmlBeanDefinitionReader -Loading XML bean definitions from class path resource [spring-application.xml]
2018-08-25 10:42:11.267 [main] INFO  o.s.d.r.config.RepositoryConfigurationDelegate -Multiple Spring Data modules found, entering strict repository configuration mode!
2018-08-25 10:42:11.325 [main] INFO  o.s.beans.factory.xml.XmlBeanDefinitionReader -Loading XML bean definitions from class path resource [shiro.xml]
2018-08-25 10:42:11.356 [main] INFO  o.s.beans.factory.xml.XmlBeanDefinitionReader -Loading XML bean definitions from class path resource [spring-redis.xml]
2018-08-25 10:42:11.367 [main] INFO  o.s.context.support.GenericApplicationContext -Refreshing org.springframework.context.support.GenericApplicationContext@f2f2cc1: startup date [Sat Aug 25 10:42:11 CST 2018]; root of context hierarchy
2018-08-25 10:42:11.827 [main] INFO  o.s.b.f.a.AutowiredAnnotationBeanPostProcessor -JSR-330 'javax.inject.Inject' annotation found and supported for autowiring
2018-08-25 10:42:12.510 [main] INFO  com.alibaba.druid.pool.DruidDataSource -{dataSource-1} inited
2018-08-25 10:42:12.510 [main] INFO  o.s.c.s.PostProcessorRegistrationDelegate$BeanPostProcessorChecker -Bean 'dataSource' of type [com.alibaba.druid.pool.DruidDataSource] is not eligible for getting processed by all BeanPostProcessors (for example: not eligible for auto-proxying)
2018-08-25 10:42:12.537 [main] INFO  o.s.c.s.PostProcessorRegistrationDelegate$BeanPostProcessorChecker -Bean 'org.apache.shiro.spring.security.interceptor.AuthorizationAttributeSourceAdvisor#0' of type [org.apache.shiro.spring.security.interceptor.AuthorizationAttributeSourceAdvisor] is not eligible for getting processed by all BeanPostProcessors (for example: not eligible for auto-proxying)
2018-08-25 10:42:12.678 [main] INFO  o.s.c.s.PostProcessorRegistrationDelegate$BeanPostProcessorChecker -Bean 'hibernateJpaVendorAdapter' of type [org.springframework.orm.jpa.vendor.HibernateJpaVendorAdapter] is not eligible for getting processed by all BeanPostProcessors (for example: not eligible for auto-proxying)
2018-08-25 10:42:12.696 [main] INFO  o.s.orm.jpa.LocalContainerEntityManagerFactoryBean -Building JPA container EntityManagerFactory for persistence unit 'default'
2018-08-25 10:42:13.774 [main] INFO  o.s.orm.jpa.LocalContainerEntityManagerFactoryBean -Initialized JPA EntityManagerFactory for persistence unit 'default'
2018-08-25 10:42:13.776 [main] INFO  o.s.c.s.PostProcessorRegistrationDelegate$BeanPostProcessorChecker -Bean 'entityManagerFactory' of type [org.springframework.orm.jpa.LocalContainerEntityManagerFactoryBean] is not eligible for getting processed by all BeanPostProcessors (for example: not eligible for auto-proxying)
2018-08-25 10:42:13.799 [main] INFO  o.s.c.s.PostProcessorRegistrationDelegate$BeanPostProcessorChecker -Bean 'entityManagerFactory' of type [com.sun.proxy.$Proxy36] is not eligible for getting processed by all BeanPostProcessors (for example: not eligible for auto-proxying)
2018-08-25 10:42:13.814 [main] INFO  o.s.c.s.PostProcessorRegistrationDelegate$BeanPostProcessorChecker -Bean 'userDao' of type [com.warehouse.managerment.dao.sys.impl.UserDaoImpl] is not eligible for getting processed by all BeanPostProcessors (for example: not eligible for auto-proxying)
2018-08-25 10:42:13.822 [main] INFO  o.s.c.s.PostProcessorRegistrationDelegate$BeanPostProcessorChecker -Bean 'userRoleDao' of type [com.warehouse.managerment.dao.sys.impl.UserRoleDaoImpl] is not eligible for getting processed by all BeanPostProcessors (for example: not eligible for auto-proxying)
2018-08-25 10:42:13.824 [main] INFO  o.s.c.s.PostProcessorRegistrationDelegate$BeanPostProcessorChecker -Bean 'userServer' of type [com.warehouse.managerment.server.sys.impl.UserServerImpl] is not eligible for getting processed by all BeanPostProcessors (for example: not eligible for auto-proxying)
2018-08-25 10:42:13.846 [main] INFO  o.s.c.s.PostProcessorRegistrationDelegate$BeanPostProcessorChecker -Bean 'roleDao' of type [com.warehouse.managerment.dao.sys.impl.RoleDaoImpl] is not eligible for getting processed by all BeanPostProcessors (for example: not eligible for auto-proxying)
2018-08-25 10:42:13.848 [main] INFO  o.s.c.s.PostProcessorRegistrationDelegate$BeanPostProcessorChecker -Bean 'roleServer' of type [com.warehouse.managerment.server.sys.impl.RoleServerImpl] is not eligible for getting processed by all BeanPostProcessors (for example: not eligible for auto-proxying)
2018-08-25 10:42:13.862 [main] INFO  o.s.c.s.PostProcessorRegistrationDelegate$BeanPostProcessorChecker -Bean 'userRoleServer' of type [com.warehouse.managerment.server.sys.impl.UserRoleServerImpl] is not eligible for getting processed by all BeanPostProcessors (for example: not eligible for auto-proxying)
2018-08-25 10:42:13.876 [main] INFO  o.s.c.s.PostProcessorRegistrationDelegate$BeanPostProcessorChecker -Bean 'roleFunctionDao' of type [com.warehouse.managerment.dao.sys.impl.RoleFunctionDaoImpl] is not eligible for getting processed by all BeanPostProcessors (for example: not eligible for auto-proxying)
2018-08-25 10:42:13.878 [main] INFO  o.s.c.s.PostProcessorRegistrationDelegate$BeanPostProcessorChecker -Bean 'roleFunctionServer' of type [com.warehouse.managerment.server.sys.impl.RoleFunctionServerImpl] is not eligible for getting processed by all BeanPostProcessors (for example: not eligible for auto-proxying)
2018-08-25 10:42:13.890 [main] INFO  o.s.c.s.PostProcessorRegistrationDelegate$BeanPostProcessorChecker -Bean 'credentialsMatcher' of type [com.warehouse.managerment.entity.shiro.CustomCredentialsMatcher] is not eligible for getting processed by all BeanPostProcessors (for example: not eligible for auto-proxying)
2018-08-25 10:42:13.891 [main] INFO  o.s.c.s.PostProcessorRegistrationDelegate$BeanPostProcessorChecker -Bean 'agentAuthRealm' of type [com.warehouse.managerment.entity.shiro.AgentAuthRealm] is not eligible for getting processed by all BeanPostProcessors (for example: not eligible for auto-proxying)
2018-08-25 10:42:13.914 [main] INFO  o.s.c.s.PostProcessorRegistrationDelegate$BeanPostProcessorChecker -Bean 'sessionIdCookie' of type [org.apache.shiro.web.servlet.SimpleCookie] is not eligible for getting processed by all BeanPostProcessors (for example: not eligible for auto-proxying)
2018-08-25 10:42:13.915 [main] INFO  o.s.c.s.PostProcessorRegistrationDelegate$BeanPostProcessorChecker -Bean 'sessionManager' of type [org.apache.shiro.web.session.mgt.DefaultWebSessionManager] is not eligible for getting processed by all BeanPostProcessors (for example: not eligible for auto-proxying)
2018-08-25 10:42:13.926 [main] INFO  o.s.c.s.PostProcessorRegistrationDelegate$BeanPostProcessorChecker -Bean 'securityManager' of type [org.apache.shiro.web.mgt.DefaultWebSecurityManager] is not eligible for getting processed by all BeanPostProcessors (for example: not eligible for auto-proxying)
2018-08-25 10:42:13.943 [main] INFO  o.s.c.s.PostProcessorRegistrationDelegate$BeanPostProcessorChecker -Bean 'formAuthenticationFilter' of type [org.apache.shiro.web.filter.authc.FormAuthenticationFilter] is not eligible for getting processed by all BeanPostProcessors (for example: not eligible for auto-proxying)
2018-08-25 10:42:13.961 [main] INFO  o.s.c.s.PostProcessorRegistrationDelegate$BeanPostProcessorChecker -Bean 'sysUserFilter' of type [com.warehouse.managerment.entity.shiro.filter.SysUserFilter] is not eligible for getting processed by all BeanPostProcessors (for example: not eligible for auto-proxying)
2018-08-25 10:42:13.966 [main] INFO  o.s.c.s.PostProcessorRegistrationDelegate$BeanPostProcessorChecker -Bean 'util:map#2dde1bff' of type [org.springframework.beans.factory.config.MapFactoryBean] is not eligible for getting processed by all BeanPostProcessors (for example: not eligible for auto-proxying)
2018-08-25 10:42:13.967 [main] INFO  o.s.c.s.PostProcessorRegistrationDelegate$BeanPostProcessorChecker -Bean 'util:map#2dde1bff' of type [java.util.LinkedHashMap] is not eligible for getting processed by all BeanPostProcessors (for example: not eligible for auto-proxying)
2018-08-25 10:42:14.559 [main] INFO  org.mongodb.driver.cluster -Cluster created with settings {hosts=[192.168.0.18:27017], mode=SINGLE, requiredClusterType=UNKNOWN, serverSelectionTimeout='30000 ms', maxWaitQueueSize=500}
2018-08-25 10:42:14.622 [cluster-ClusterId{value='5b80c206ab5085289478e2fb', description='null'}-192.168.0.18:27017] INFO  org.mongodb.driver.connection -Opened connection [connectionId{localValue:1, serverValue:1312}] to 192.168.0.18:27017
2018-08-25 10:42:14.627 [cluster-ClusterId{value='5b80c206ab5085289478e2fb', description='null'}-192.168.0.18:27017] INFO  org.mongodb.driver.cluster -Monitor thread successfully connected to server with description ServerDescription{address=192.168.0.18:27017, type=STANDALONE, state=CONNECTED, ok=true, version=ServerVersion{versionList=[3, 6, 3]}, minWireVersion=0, maxWireVersion=6, maxDocumentSize=16777216, logicalSessionTimeoutMinutes=30, roundTripTimeNanos=3212394}
2018-08-25 10:42:14.747 [main] INFO  org.mongodb.driver.connection -Opened connection [connectionId{localValue:2, serverValue:1313}] to 192.168.0.18:27017
2018-08-25 10:42:15.013 [Thread-3] INFO  o.s.context.support.GenericApplicationContext -Closing org.springframework.context.support.GenericApplicationContext@f2f2cc1: startup date [Sat Aug 25 10:42:11 CST 2018]; root of context hierarchy
2018-08-25 10:42:15.016 [Thread-3] INFO  o.s.orm.jpa.LocalContainerEntityManagerFactoryBean -Closing JPA EntityManagerFactory for persistence unit 'default'
2018-08-25 10:42:15.018 [Thread-3] INFO  com.alibaba.druid.pool.DruidDataSource -{dataSource-1} closed
2018-08-25 10:52:13.032 [main] INFO  o.s.t.c.support.DefaultTestContextBootstrapper -Loaded default TestExecutionListener class names from location [META-INF/spring.factories]: [org.springframework.test.context.web.ServletTestExecutionListener, org.springframework.test.context.support.DirtiesContextBeforeModesTestExecutionListener, org.springframework.test.context.support.DependencyInjectionTestExecutionListener, org.springframework.test.context.support.DirtiesContextTestExecutionListener, org.springframework.test.context.transaction.TransactionalTestExecutionListener, org.springframework.test.context.jdbc.SqlScriptsTestExecutionListener]
2018-08-25 10:52:13.049 [main] INFO  o.s.t.c.support.DefaultTestContextBootstrapper -Using TestExecutionListeners: [org.springframework.test.context.web.ServletTestExecutionListener@351d0846, org.springframework.test.context.support.DirtiesContextBeforeModesTestExecutionListener@77e4c80f, org.springframework.test.context.support.DependencyInjectionTestExecutionListener@35fc6dc4, org.springframework.test.context.support.DirtiesContextTestExecutionListener@7fe8ea47, org.springframework.test.context.transaction.TransactionalTestExecutionListener@226a82c4, org.springframework.test.context.jdbc.SqlScriptsTestExecutionListener@731f8236]
2018-08-25 10:52:13.128 [main] INFO  o.s.beans.factory.xml.XmlBeanDefinitionReader -Loading XML bean definitions from class path resource [spring-application.xml]
2018-08-25 10:52:13.584 [main] INFO  o.s.d.r.config.RepositoryConfigurationDelegate -Multiple Spring Data modules found, entering strict repository configuration mode!
2018-08-25 10:52:13.630 [main] INFO  o.s.beans.factory.xml.XmlBeanDefinitionReader -Loading XML bean definitions from class path resource [shiro.xml]
2018-08-25 10:52:13.700 [main] INFO  o.s.beans.factory.xml.XmlBeanDefinitionReader -Loading XML bean definitions from class path resource [spring-redis.xml]
2018-08-25 10:52:13.712 [main] INFO  o.s.context.support.GenericApplicationContext -Refreshing org.springframework.context.support.GenericApplicationContext@23282c25: startup date [Sat Aug 25 10:52:13 CST 2018]; root of context hierarchy
2018-08-25 10:52:14.038 [main] INFO  o.s.b.f.a.AutowiredAnnotationBeanPostProcessor -JSR-330 'javax.inject.Inject' annotation found and supported for autowiring
2018-08-25 10:52:14.750 [main] INFO  com.alibaba.druid.pool.DruidDataSource -{dataSource-1} inited
2018-08-25 10:52:14.750 [main] INFO  o.s.c.s.PostProcessorRegistrationDelegate$BeanPostProcessorChecker -Bean 'dataSource' of type [com.alibaba.druid.pool.DruidDataSource] is not eligible for getting processed by all BeanPostProcessors (for example: not eligible for auto-proxying)
2018-08-25 10:52:14.777 [main] INFO  o.s.c.s.PostProcessorRegistrationDelegate$BeanPostProcessorChecker -Bean 'org.apache.shiro.spring.security.interceptor.AuthorizationAttributeSourceAdvisor#0' of type [org.apache.shiro.spring.security.interceptor.AuthorizationAttributeSourceAdvisor] is not eligible for getting processed by all BeanPostProcessors (for example: not eligible for auto-proxying)
2018-08-25 10:52:14.911 [main] INFO  o.s.c.s.PostProcessorRegistrationDelegate$BeanPostProcessorChecker -Bean 'hibernateJpaVendorAdapter' of type [org.springframework.orm.jpa.vendor.HibernateJpaVendorAdapter] is not eligible for getting processed by all BeanPostProcessors (for example: not eligible for auto-proxying)
2018-08-25 10:52:14.934 [main] INFO  o.s.orm.jpa.LocalContainerEntityManagerFactoryBean -Building JPA container EntityManagerFactory for persistence unit 'default'
2018-08-25 10:52:16.390 [main] INFO  o.s.orm.jpa.LocalContainerEntityManagerFactoryBean -Initialized JPA EntityManagerFactory for persistence unit 'default'
2018-08-25 10:52:16.391 [main] INFO  o.s.c.s.PostProcessorRegistrationDelegate$BeanPostProcessorChecker -Bean 'entityManagerFactory' of type [org.springframework.orm.jpa.LocalContainerEntityManagerFactoryBean] is not eligible for getting processed by all BeanPostProcessors (for example: not eligible for auto-proxying)
2018-08-25 10:52:16.411 [main] INFO  o.s.c.s.PostProcessorRegistrationDelegate$BeanPostProcessorChecker -Bean 'entityManagerFactory' of type [com.sun.proxy.$Proxy36] is not eligible for getting processed by all BeanPostProcessors (for example: not eligible for auto-proxying)
2018-08-25 10:52:16.431 [main] INFO  o.s.c.s.PostProcessorRegistrationDelegate$BeanPostProcessorChecker -Bean 'userDao' of type [com.warehouse.managerment.dao.sys.impl.UserDaoImpl] is not eligible for getting processed by all BeanPostProcessors (for example: not eligible for auto-proxying)
2018-08-25 10:52:16.440 [main] INFO  o.s.c.s.PostProcessorRegistrationDelegate$BeanPostProcessorChecker -Bean 'userRoleDao' of type [com.warehouse.managerment.dao.sys.impl.UserRoleDaoImpl] is not eligible for getting processed by all BeanPostProcessors (for example: not eligible for auto-proxying)
2018-08-25 10:52:16.442 [main] INFO  o.s.c.s.PostProcessorRegistrationDelegate$BeanPostProcessorChecker -Bean 'userServer' of type [com.warehouse.managerment.server.sys.impl.UserServerImpl] is not eligible for getting processed by all BeanPostProcessors (for example: not eligible for auto-proxying)
2018-08-25 10:52:16.472 [main] INFO  o.s.c.s.PostProcessorRegistrationDelegate$BeanPostProcessorChecker -Bean 'roleDao' of type [com.warehouse.managerment.dao.sys.impl.RoleDaoImpl] is not eligible for getting processed by all BeanPostProcessors (for example: not eligible for auto-proxying)
2018-08-25 10:52:16.474 [main] INFO  o.s.c.s.PostProcessorRegistrationDelegate$BeanPostProcessorChecker -Bean 'roleServer' of type [com.warehouse.managerment.server.sys.impl.RoleServerImpl] is not eligible for getting processed by all BeanPostProcessors (for example: not eligible for auto-proxying)
2018-08-25 10:52:16.488 [main] INFO  o.s.c.s.PostProcessorRegistrationDelegate$BeanPostProcessorChecker -Bean 'userRoleServer' of type [com.warehouse.managerment.server.sys.impl.UserRoleServerImpl] is not eligible for getting processed by all BeanPostProcessors (for example: not eligible for auto-proxying)
2018-08-25 10:52:16.505 [main] INFO  o.s.c.s.PostProcessorRegistrationDelegate$BeanPostProcessorChecker -Bean 'roleFunctionDao' of type [com.warehouse.managerment.dao.sys.impl.RoleFunctionDaoImpl] is not eligible for getting processed by all BeanPostProcessors (for example: not eligible for auto-proxying)
2018-08-25 10:52:16.507 [main] INFO  o.s.c.s.PostProcessorRegistrationDelegate$BeanPostProcessorChecker -Bean 'roleFunctionServer' of type [com.warehouse.managerment.server.sys.impl.RoleFunctionServerImpl] is not eligible for getting processed by all BeanPostProcessors (for example: not eligible for auto-proxying)
2018-08-25 10:52:16.529 [main] INFO  o.s.c.s.PostProcessorRegistrationDelegate$BeanPostProcessorChecker -Bean 'credentialsMatcher' of type [com.warehouse.managerment.entity.shiro.CustomCredentialsMatcher] is not eligible for getting processed by all BeanPostProcessors (for example: not eligible for auto-proxying)
2018-08-25 10:52:16.530 [main] INFO  o.s.c.s.PostProcessorRegistrationDelegate$BeanPostProcessorChecker -Bean 'agentAuthRealm' of type [com.warehouse.managerment.entity.shiro.AgentAuthRealm] is not eligible for getting processed by all BeanPostProcessors (for example: not eligible for auto-proxying)
2018-08-25 10:52:16.558 [main] INFO  o.s.c.s.PostProcessorRegistrationDelegate$BeanPostProcessorChecker -Bean 'sessionIdCookie' of type [org.apache.shiro.web.servlet.SimpleCookie] is not eligible for getting processed by all BeanPostProcessors (for example: not eligible for auto-proxying)
2018-08-25 10:52:16.559 [main] INFO  o.s.c.s.PostProcessorRegistrationDelegate$BeanPostProcessorChecker -Bean 'sessionManager' of type [org.apache.shiro.web.session.mgt.DefaultWebSessionManager] is not eligible for getting processed by all BeanPostProcessors (for example: not eligible for auto-proxying)
2018-08-25 10:52:16.571 [main] INFO  o.s.c.s.PostProcessorRegistrationDelegate$BeanPostProcessorChecker -Bean 'securityManager' of type [org.apache.shiro.web.mgt.DefaultWebSecurityManager] is not eligible for getting processed by all BeanPostProcessors (for example: not eligible for auto-proxying)
2018-08-25 10:52:16.589 [main] INFO  o.s.c.s.PostProcessorRegistrationDelegate$BeanPostProcessorChecker -Bean 'formAuthenticationFilter' of type [org.apache.shiro.web.filter.authc.FormAuthenticationFilter] is not eligible for getting processed by all BeanPostProcessors (for example: not eligible for auto-proxying)
2018-08-25 10:52:16.611 [main] INFO  o.s.c.s.PostProcessorRegistrationDelegate$BeanPostProcessorChecker -Bean 'sysUserFilter' of type [com.warehouse.managerment.entity.shiro.filter.SysUserFilter] is not eligible for getting processed by all BeanPostProcessors (for example: not eligible for auto-proxying)
2018-08-25 10:52:16.616 [main] INFO  o.s.c.s.PostProcessorRegistrationDelegate$BeanPostProcessorChecker -Bean 'util:map#649bec2e' of type [org.springframework.beans.factory.config.MapFactoryBean] is not eligible for getting processed by all BeanPostProcessors (for example: not eligible for auto-proxying)
2018-08-25 10:52:16.618 [main] INFO  o.s.c.s.PostProcessorRegistrationDelegate$BeanPostProcessorChecker -Bean 'util:map#649bec2e' of type [java.util.LinkedHashMap] is not eligible for getting processed by all BeanPostProcessors (for example: not eligible for auto-proxying)
2018-08-25 10:52:17.319 [Thread-3] INFO  o.s.context.support.GenericApplicationContext -Closing org.springframework.context.support.GenericApplicationContext@23282c25: startup date [Sat Aug 25 10:52:13 CST 2018]; root of context hierarchy
2018-08-25 10:52:17.323 [Thread-3] INFO  o.s.orm.jpa.LocalContainerEntityManagerFactoryBean -Closing JPA EntityManagerFactory for persistence unit 'default'
2018-08-25 10:52:17.326 [Thread-3] INFO  com.alibaba.druid.pool.DruidDataSource -{dataSource-1} closed
2018-08-25 10:53:08.263 [main] INFO  o.s.t.c.support.DefaultTestContextBootstrapper -Loaded default TestExecutionListener class names from location [META-INF/spring.factories]: [org.springframework.test.context.web.ServletTestExecutionListener, org.springframework.test.context.support.DirtiesContextBeforeModesTestExecutionListener, org.springframework.test.context.support.DependencyInjectionTestExecutionListener, org.springframework.test.context.support.DirtiesContextTestExecutionListener, org.springframework.test.context.transaction.TransactionalTestExecutionListener, org.springframework.test.context.jdbc.SqlScriptsTestExecutionListener]
2018-08-25 10:53:08.281 [main] INFO  o.s.t.c.support.DefaultTestContextBootstrapper -Using TestExecutionListeners: [org.springframework.test.context.web.ServletTestExecutionListener@351d0846, org.springframework.test.context.support.DirtiesContextBeforeModesTestExecutionListener@77e4c80f, org.springframework.test.context.support.DependencyInjectionTestExecutionListener@35fc6dc4, org.springframework.test.context.support.DirtiesContextTestExecutionListener@7fe8ea47, org.springframework.test.context.transaction.TransactionalTestExecutionListener@226a82c4, org.springframework.test.context.jdbc.SqlScriptsTestExecutionListener@731f8236]
2018-08-25 10:53:08.350 [main] INFO  o.s.beans.factory.xml.XmlBeanDefinitionReader -Loading XML bean definitions from class path resource [spring-application.xml]
2018-08-25 10:53:08.842 [main] INFO  o.s.d.r.config.RepositoryConfigurationDelegate -Multiple Spring Data modules found, entering strict repository configuration mode!
2018-08-25 10:53:08.896 [main] INFO  o.s.beans.factory.xml.XmlBeanDefinitionReader -Loading XML bean definitions from class path resource [shiro.xml]
2018-08-25 10:53:08.928 [main] INFO  o.s.beans.factory.xml.XmlBeanDefinitionReader -Loading XML bean definitions from class path resource [spring-redis.xml]
2018-08-25 10:53:08.942 [main] INFO  o.s.context.support.GenericApplicationContext -Refreshing org.springframework.context.support.GenericApplicationContext@23282c25: startup date [Sat Aug 25 10:53:08 CST 2018]; root of context hierarchy
2018-08-25 10:53:09.365 [main] INFO  o.s.b.f.a.AutowiredAnnotationBeanPostProcessor -JSR-330 'javax.inject.Inject' annotation found and supported for autowiring
2018-08-25 10:53:10.106 [main] INFO  com.alibaba.druid.pool.DruidDataSource -{dataSource-1} inited
2018-08-25 10:53:10.106 [main] INFO  o.s.c.s.PostProcessorRegistrationDelegate$BeanPostProcessorChecker -Bean 'dataSource' of type [com.alibaba.druid.pool.DruidDataSource] is not eligible for getting processed by all BeanPostProcessors (for example: not eligible for auto-proxying)
2018-08-25 10:53:10.135 [main] INFO  o.s.c.s.PostProcessorRegistrationDelegate$BeanPostProcessorChecker -Bean 'org.apache.shiro.spring.security.interceptor.AuthorizationAttributeSourceAdvisor#0' of type [org.apache.shiro.spring.security.interceptor.AuthorizationAttributeSourceAdvisor] is not eligible for getting processed by all BeanPostProcessors (for example: not eligible for auto-proxying)
2018-08-25 10:53:10.274 [main] INFO  o.s.c.s.PostProcessorRegistrationDelegate$BeanPostProcessorChecker -Bean 'hibernateJpaVendorAdapter' of type [org.springframework.orm.jpa.vendor.HibernateJpaVendorAdapter] is not eligible for getting processed by all BeanPostProcessors (for example: not eligible for auto-proxying)
2018-08-25 10:53:10.292 [main] INFO  o.s.orm.jpa.LocalContainerEntityManagerFactoryBean -Building JPA container EntityManagerFactory for persistence unit 'default'
2018-08-25 10:53:11.434 [main] INFO  o.s.orm.jpa.LocalContainerEntityManagerFactoryBean -Initialized JPA EntityManagerFactory for persistence unit 'default'
2018-08-25 10:53:11.436 [main] INFO  o.s.c.s.PostProcessorRegistrationDelegate$BeanPostProcessorChecker -Bean 'entityManagerFactory' of type [org.springframework.orm.jpa.LocalContainerEntityManagerFactoryBean] is not eligible for getting processed by all BeanPostProcessors (for example: not eligible for auto-proxying)
2018-08-25 10:53:11.454 [main] INFO  o.s.c.s.PostProcessorRegistrationDelegate$BeanPostProcessorChecker -Bean 'entityManagerFactory' of type [com.sun.proxy.$Proxy36] is not eligible for getting processed by all BeanPostProcessors (for example: not eligible for auto-proxying)
2018-08-25 10:53:11.467 [main] INFO  o.s.c.s.PostProcessorRegistrationDelegate$BeanPostProcessorChecker -Bean 'userDao' of type [com.warehouse.managerment.dao.sys.impl.UserDaoImpl] is not eligible for getting processed by all BeanPostProcessors (for example: not eligible for auto-proxying)
2018-08-25 10:53:11.476 [main] INFO  o.s.c.s.PostProcessorRegistrationDelegate$BeanPostProcessorChecker -Bean 'userRoleDao' of type [com.warehouse.managerment.dao.sys.impl.UserRoleDaoImpl] is not eligible for getting processed by all BeanPostProcessors (for example: not eligible for auto-proxying)
2018-08-25 10:53:11.478 [main] INFO  o.s.c.s.PostProcessorRegistrationDelegate$BeanPostProcessorChecker -Bean 'userServer' of type [com.warehouse.managerment.server.sys.impl.UserServerImpl] is not eligible for getting processed by all BeanPostProcessors (for example: not eligible for auto-proxying)
2018-08-25 10:53:11.501 [main] INFO  o.s.c.s.PostProcessorRegistrationDelegate$BeanPostProcessorChecker -Bean 'roleDao' of type [com.warehouse.managerment.dao.sys.impl.RoleDaoImpl] is not eligible for getting processed by all BeanPostProcessors (for example: not eligible for auto-proxying)
2018-08-25 10:53:11.503 [main] INFO  o.s.c.s.PostProcessorRegistrationDelegate$BeanPostProcessorChecker -Bean 'roleServer' of type [com.warehouse.managerment.server.sys.impl.RoleServerImpl] is not eligible for getting processed by all BeanPostProcessors (for example: not eligible for auto-proxying)
2018-08-25 10:53:11.517 [main] INFO  o.s.c.s.PostProcessorRegistrationDelegate$BeanPostProcessorChecker -Bean 'userRoleServer' of type [com.warehouse.managerment.server.sys.impl.UserRoleServerImpl] is not eligible for getting processed by all BeanPostProcessors (for example: not eligible for auto-proxying)
2018-08-25 10:53:11.532 [main] INFO  o.s.c.s.PostProcessorRegistrationDelegate$BeanPostProcessorChecker -Bean 'roleFunctionDao' of type [com.warehouse.managerment.dao.sys.impl.RoleFunctionDaoImpl] is not eligible for getting processed by all BeanPostProcessors (for example: not eligible for auto-proxying)
2018-08-25 10:53:11.533 [main] INFO  o.s.c.s.PostProcessorRegistrationDelegate$BeanPostProcessorChecker -Bean 'roleFunctionServer' of type [com.warehouse.managerment.server.sys.impl.RoleFunctionServerImpl] is not eligible for getting processed by all BeanPostProcessors (for example: not eligible for auto-proxying)
2018-08-25 10:53:11.546 [main] INFO  o.s.c.s.PostProcessorRegistrationDelegate$BeanPostProcessorChecker -Bean 'credentialsMatcher' of type [com.warehouse.managerment.entity.shiro.CustomCredentialsMatcher] is not eligible for getting processed by all BeanPostProcessors (for example: not eligible for auto-proxying)
2018-08-25 10:53:11.547 [main] INFO  o.s.c.s.PostProcessorRegistrationDelegate$BeanPostProcessorChecker -Bean 'agentAuthRealm' of type [com.warehouse.managerment.entity.shiro.AgentAuthRealm] is not eligible for getting processed by all BeanPostProcessors (for example: not eligible for auto-proxying)
2018-08-25 10:53:11.572 [main] INFO  o.s.c.s.PostProcessorRegistrationDelegate$BeanPostProcessorChecker -Bean 'sessionIdCookie' of type [org.apache.shiro.web.servlet.SimpleCookie] is not eligible for getting processed by all BeanPostProcessors (for example: not eligible for auto-proxying)
2018-08-25 10:53:11.573 [main] INFO  o.s.c.s.PostProcessorRegistrationDelegate$BeanPostProcessorChecker -Bean 'sessionManager' of type [org.apache.shiro.web.session.mgt.DefaultWebSessionManager] is not eligible for getting processed by all BeanPostProcessors (for example: not eligible for auto-proxying)
2018-08-25 10:53:11.584 [main] INFO  o.s.c.s.PostProcessorRegistrationDelegate$BeanPostProcessorChecker -Bean 'securityManager' of type [org.apache.shiro.web.mgt.DefaultWebSecurityManager] is not eligible for getting processed by all BeanPostProcessors (for example: not eligible for auto-proxying)
2018-08-25 10:53:11.600 [main] INFO  o.s.c.s.PostProcessorRegistrationDelegate$BeanPostProcessorChecker -Bean 'formAuthenticationFilter' of type [org.apache.shiro.web.filter.authc.FormAuthenticationFilter] is not eligible for getting processed by all BeanPostProcessors (for example: not eligible for auto-proxying)
2018-08-25 10:53:11.619 [main] INFO  o.s.c.s.PostProcessorRegistrationDelegate$BeanPostProcessorChecker -Bean 'sysUserFilter' of type [com.warehouse.managerment.entity.shiro.filter.SysUserFilter] is not eligible for getting processed by all BeanPostProcessors (for example: not eligible for auto-proxying)
2018-08-25 10:53:11.624 [main] INFO  o.s.c.s.PostProcessorRegistrationDelegate$BeanPostProcessorChecker -Bean 'util:map#649bec2e' of type [org.springframework.beans.factory.config.MapFactoryBean] is not eligible for getting processed by all BeanPostProcessors (for example: not eligible for auto-proxying)
2018-08-25 10:53:11.626 [main] INFO  o.s.c.s.PostProcessorRegistrationDelegate$BeanPostProcessorChecker -Bean 'util:map#649bec2e' of type [java.util.LinkedHashMap] is not eligible for getting processed by all BeanPostProcessors (for example: not eligible for auto-proxying)
2018-08-25 10:53:12.351 [Thread-3] INFO  o.s.context.support.GenericApplicationContext -Closing org.springframework.context.support.GenericApplicationContext@23282c25: startup date [Sat Aug 25 10:53:08 CST 2018]; root of context hierarchy
2018-08-25 10:53:12.357 [Thread-3] INFO  o.s.orm.jpa.LocalContainerEntityManagerFactoryBean -Closing JPA EntityManagerFactory for persistence unit 'default'
2018-08-25 10:53:12.360 [Thread-3] INFO  com.alibaba.druid.pool.DruidDataSource -{dataSource-1} closed
2018-08-25 10:54:08.963 [main] INFO  o.s.t.c.support.DefaultTestContextBootstrapper -Loaded default TestExecutionListener class names from location [META-INF/spring.factories]: [org.springframework.test.context.web.ServletTestExecutionListener, org.springframework.test.context.support.DirtiesContextBeforeModesTestExecutionListener, org.springframework.test.context.support.DependencyInjectionTestExecutionListener, org.springframework.test.context.support.DirtiesContextTestExecutionListener, org.springframework.test.context.transaction.TransactionalTestExecutionListener, org.springframework.test.context.jdbc.SqlScriptsTestExecutionListener]
2018-08-25 10:54:08.981 [main] INFO  o.s.t.c.support.DefaultTestContextBootstrapper -Using TestExecutionListeners: [org.springframework.test.context.web.ServletTestExecutionListener@351d0846, org.springframework.test.context.support.DirtiesContextBeforeModesTestExecutionListener@77e4c80f, org.springframework.test.context.support.DependencyInjectionTestExecutionListener@35fc6dc4, org.springframework.test.context.support.DirtiesContextTestExecutionListener@7fe8ea47, org.springframework.test.context.transaction.TransactionalTestExecutionListener@226a82c4, org.springframework.test.context.jdbc.SqlScriptsTestExecutionListener@731f8236]
2018-08-25 10:54:09.064 [main] INFO  o.s.beans.factory.xml.XmlBeanDefinitionReader -Loading XML bean definitions from class path resource [spring-application.xml]
2018-08-25 10:54:09.529 [main] INFO  o.s.d.r.config.RepositoryConfigurationDelegate -Multiple Spring Data modules found, entering strict repository configuration mode!
2018-08-25 10:54:09.574 [main] INFO  o.s.beans.factory.xml.XmlBeanDefinitionReader -Loading XML bean definitions from class path resource [shiro.xml]
2018-08-25 10:54:09.612 [main] INFO  o.s.beans.factory.xml.XmlBeanDefinitionReader -Loading XML bean definitions from class path resource [spring-redis.xml]
2018-08-25 10:54:09.630 [main] INFO  o.s.context.support.GenericApplicationContext -Refreshing org.springframework.context.support.GenericApplicationContext@23282c25: startup date [Sat Aug 25 10:54:09 CST 2018]; root of context hierarchy
2018-08-25 10:54:10.067 [main] INFO  o.s.b.f.a.AutowiredAnnotationBeanPostProcessor -JSR-330 'javax.inject.Inject' annotation found and supported for autowiring
2018-08-25 10:54:10.852 [main] INFO  com.alibaba.druid.pool.DruidDataSource -{dataSource-1} inited
2018-08-25 10:54:10.852 [main] INFO  o.s.c.s.PostProcessorRegistrationDelegate$BeanPostProcessorChecker -Bean 'dataSource' of type [com.alibaba.druid.pool.DruidDataSource] is not eligible for getting processed by all BeanPostProcessors (for example: not eligible for auto-proxying)
2018-08-25 10:54:10.879 [main] INFO  o.s.c.s.PostProcessorRegistrationDelegate$BeanPostProcessorChecker -Bean 'org.apache.shiro.spring.security.interceptor.AuthorizationAttributeSourceAdvisor#0' of type [org.apache.shiro.spring.security.interceptor.AuthorizationAttributeSourceAdvisor] is not eligible for getting processed by all BeanPostProcessors (for example: not eligible for auto-proxying)
2018-08-25 10:54:11.009 [main] INFO  o.s.c.s.PostProcessorRegistrationDelegate$BeanPostProcessorChecker -Bean 'hibernateJpaVendorAdapter' of type [org.springframework.orm.jpa.vendor.HibernateJpaVendorAdapter] is not eligible for getting processed by all BeanPostProcessors (for example: not eligible for auto-proxying)
2018-08-25 10:54:11.031 [main] INFO  o.s.orm.jpa.LocalContainerEntityManagerFactoryBean -Building JPA container EntityManagerFactory for persistence unit 'default'
2018-08-25 10:54:12.290 [main] INFO  o.s.orm.jpa.LocalContainerEntityManagerFactoryBean -Initialized JPA EntityManagerFactory for persistence unit 'default'
2018-08-25 10:54:12.292 [main] INFO  o.s.c.s.PostProcessorRegistrationDelegate$BeanPostProcessorChecker -Bean 'entityManagerFactory' of type [org.springframework.orm.jpa.LocalContainerEntityManagerFactoryBean] is not eligible for getting processed by all BeanPostProcessors (for example: not eligible for auto-proxying)
2018-08-25 10:54:12.309 [main] INFO  o.s.c.s.PostProcessorRegistrationDelegate$BeanPostProcessorChecker -Bean 'entityManagerFactory' of type [com.sun.proxy.$Proxy36] is not eligible for getting processed by all BeanPostProcessors (for example: not eligible for auto-proxying)
2018-08-25 10:54:12.323 [main] INFO  o.s.c.s.PostProcessorRegistrationDelegate$BeanPostProcessorChecker -Bean 'userDao' of type [com.warehouse.managerment.dao.sys.impl.UserDaoImpl] is not eligible for getting processed by all BeanPostProcessors (for example: not eligible for auto-proxying)
2018-08-25 10:54:12.329 [main] INFO  o.s.c.s.PostProcessorRegistrationDelegate$BeanPostProcessorChecker -Bean 'userRoleDao' of type [com.warehouse.managerment.dao.sys.impl.UserRoleDaoImpl] is not eligible for getting processed by all BeanPostProcessors (for example: not eligible for auto-proxying)
2018-08-25 10:54:12.331 [main] INFO  o.s.c.s.PostProcessorRegistrationDelegate$BeanPostProcessorChecker -Bean 'userServer' of type [com.warehouse.managerment.server.sys.impl.UserServerImpl] is not eligible for getting processed by all BeanPostProcessors (for example: not eligible for auto-proxying)
2018-08-25 10:54:12.354 [main] INFO  o.s.c.s.PostProcessorRegistrationDelegate$BeanPostProcessorChecker -Bean 'roleDao' of type [com.warehouse.managerment.dao.sys.impl.RoleDaoImpl] is not eligible for getting processed by all BeanPostProcessors (for example: not eligible for auto-proxying)
2018-08-25 10:54:12.356 [main] INFO  o.s.c.s.PostProcessorRegistrationDelegate$BeanPostProcessorChecker -Bean 'roleServer' of type [com.warehouse.managerment.server.sys.impl.RoleServerImpl] is not eligible for getting processed by all BeanPostProcessors (for example: not eligible for auto-proxying)
2018-08-25 10:54:12.370 [main] INFO  o.s.c.s.PostProcessorRegistrationDelegate$BeanPostProcessorChecker -Bean 'userRoleServer' of type [com.warehouse.managerment.server.sys.impl.UserRoleServerImpl] is not eligible for getting processed by all BeanPostProcessors (for example: not eligible for auto-proxying)
2018-08-25 10:54:12.386 [main] INFO  o.s.c.s.PostProcessorRegistrationDelegate$BeanPostProcessorChecker -Bean 'roleFunctionDao' of type [com.warehouse.managerment.dao.sys.impl.RoleFunctionDaoImpl] is not eligible for getting processed by all BeanPostProcessors (for example: not eligible for auto-proxying)
2018-08-25 10:54:12.388 [main] INFO  o.s.c.s.PostProcessorRegistrationDelegate$BeanPostProcessorChecker -Bean 'roleFunctionServer' of type [com.warehouse.managerment.server.sys.impl.RoleFunctionServerImpl] is not eligible for getting processed by all BeanPostProcessors (for example: not eligible for auto-proxying)
2018-08-25 10:54:12.401 [main] INFO  o.s.c.s.PostProcessorRegistrationDelegate$BeanPostProcessorChecker -Bean 'credentialsMatcher' of type [com.warehouse.managerment.entity.shiro.CustomCredentialsMatcher] is not eligible for getting processed by all BeanPostProcessors (for example: not eligible for auto-proxying)
2018-08-25 10:54:12.404 [main] INFO  o.s.c.s.PostProcessorRegistrationDelegate$BeanPostProcessorChecker -Bean 'agentAuthRealm' of type [com.warehouse.managerment.entity.shiro.AgentAuthRealm] is not eligible for getting processed by all BeanPostProcessors (for example: not eligible for auto-proxying)
2018-08-25 10:54:12.440 [main] INFO  o.s.c.s.PostProcessorRegistrationDelegate$BeanPostProcessorChecker -Bean 'sessionIdCookie' of type [org.apache.shiro.web.servlet.SimpleCookie] is not eligible for getting processed by all BeanPostProcessors (for example: not eligible for auto-proxying)
2018-08-25 10:54:12.441 [main] INFO  o.s.c.s.PostProcessorRegistrationDelegate$BeanPostProcessorChecker -Bean 'sessionManager' of type [org.apache.shiro.web.session.mgt.DefaultWebSessionManager] is not eligible for getting processed by all BeanPostProcessors (for example: not eligible for auto-proxying)
2018-08-25 10:54:12.458 [main] INFO  o.s.c.s.PostProcessorRegistrationDelegate$BeanPostProcessorChecker -Bean 'securityManager' of type [org.apache.shiro.web.mgt.DefaultWebSecurityManager] is not eligible for getting processed by all BeanPostProcessors (for example: not eligible for auto-proxying)
2018-08-25 10:54:12.475 [main] INFO  o.s.c.s.PostProcessorRegistrationDelegate$BeanPostProcessorChecker -Bean 'formAuthenticationFilter' of type [org.apache.shiro.web.filter.authc.FormAuthenticationFilter] is not eligible for getting processed by all BeanPostProcessors (for example: not eligible for auto-proxying)
2018-08-25 10:54:12.493 [main] INFO  o.s.c.s.PostProcessorRegistrationDelegate$BeanPostProcessorChecker -Bean 'sysUserFilter' of type [com.warehouse.managerment.entity.shiro.filter.SysUserFilter] is not eligible for getting processed by all BeanPostProcessors (for example: not eligible for auto-proxying)
2018-08-25 10:54:12.498 [main] INFO  o.s.c.s.PostProcessorRegistrationDelegate$BeanPostProcessorChecker -Bean 'util:map#649bec2e' of type [org.springframework.beans.factory.config.MapFactoryBean] is not eligible for getting processed by all BeanPostProcessors (for example: not eligible for auto-proxying)
2018-08-25 10:54:12.500 [main] INFO  o.s.c.s.PostProcessorRegistrationDelegate$BeanPostProcessorChecker -Bean 'util:map#649bec2e' of type [java.util.LinkedHashMap] is not eligible for getting processed by all BeanPostProcessors (for example: not eligible for auto-proxying)
2018-08-25 10:54:13.167 [Thread-3] INFO  o.s.context.support.GenericApplicationContext -Closing org.springframework.context.support.GenericApplicationContext@23282c25: startup date [Sat Aug 25 10:54:09 CST 2018]; root of context hierarchy
2018-08-25 10:54:13.173 [Thread-3] INFO  o.s.orm.jpa.LocalContainerEntityManagerFactoryBean -Closing JPA EntityManagerFactory for persistence unit 'default'
2018-08-25 10:54:13.176 [Thread-3] INFO  com.alibaba.druid.pool.DruidDataSource -{dataSource-1} closed
