2018-09-01 13:51:02.497 [main] INFO  o.s.t.c.support.DefaultTestContextBootstrapper -Loaded default TestExecutionListener class names from location [META-INF/spring.factories]: [org.springframework.test.context.web.ServletTestExecutionListener, org.springframework.test.context.support.DirtiesContextBeforeModesTestExecutionListener, org.springframework.test.context.support.DependencyInjectionTestExecutionListener, org.springframework.test.context.support.DirtiesContextTestExecutionListener, org.springframework.test.context.transaction.TransactionalTestExecutionListener, org.springframework.test.context.jdbc.SqlScriptsTestExecutionListener]
2018-09-01 13:51:02.531 [main] INFO  o.s.t.c.support.DefaultTestContextBootstrapper -Using TestExecutionListeners: [org.springframework.test.context.web.ServletTestExecutionListener@6328d34a, org.springframework.test.context.support.DirtiesContextBeforeModesTestExecutionListener@145eaa29, org.springframework.test.context.support.DependencyInjectionTestExecutionListener@15bb6bea, org.springframework.test.context.support.DirtiesContextTestExecutionListener@8b96fde, org.springframework.test.context.transaction.TransactionalTestExecutionListener@2d2e5f00, org.springframework.test.context.jdbc.SqlScriptsTestExecutionListener@4c40b76e]
2018-09-01 13:51:02.637 [main] INFO  o.s.beans.factory.xml.XmlBeanDefinitionReader -Loading XML bean definitions from class path resource [spring-application.xml]
2018-09-01 13:51:03.353 [main] INFO  o.s.d.r.config.RepositoryConfigurationDelegate -Multiple Spring Data modules found, entering strict repository configuration mode!
2018-09-01 13:51:03.401 [main] INFO  o.s.beans.factory.xml.XmlBeanDefinitionReader -Loading XML bean definitions from class path resource [shiro.xml]
2018-09-01 13:51:03.426 [main] INFO  o.s.beans.factory.xml.XmlBeanDefinitionReader -Loading XML bean definitions from class path resource [spring-redis.xml]
2018-09-01 13:51:03.435 [main] INFO  o.s.context.support.GenericApplicationContext -Refreshing org.springframework.context.support.GenericApplicationContext@5e4c8041: startup date [Sat Sep 01 13:51:03 CST 2018]; root of context hierarchy
2018-09-01 13:51:03.748 [main] INFO  o.s.b.f.a.AutowiredAnnotationBeanPostProcessor -JSR-330 'javax.inject.Inject' annotation found and supported for autowiring
2018-09-01 13:51:04.480 [main] INFO  com.alibaba.druid.pool.DruidDataSource -{dataSource-1} inited
2018-09-01 13:51:04.480 [main] INFO  o.s.c.s.PostProcessorRegistrationDelegate$BeanPostProcessorChecker -Bean 'dataSource' of type [com.alibaba.druid.pool.DruidDataSource] is not eligible for getting processed by all BeanPostProcessors (for example: not eligible for auto-proxying)
2018-09-01 13:51:04.512 [main] INFO  o.s.c.s.PostProcessorRegistrationDelegate$BeanPostProcessorChecker -Bean 'org.apache.shiro.spring.security.interceptor.AuthorizationAttributeSourceAdvisor#0' of type [org.apache.shiro.spring.security.interceptor.AuthorizationAttributeSourceAdvisor] is not eligible for getting processed by all BeanPostProcessors (for example: not eligible for auto-proxying)
2018-09-01 13:51:04.638 [main] INFO  o.s.c.s.PostProcessorRegistrationDelegate$BeanPostProcessorChecker -Bean 'hibernateJpaVendorAdapter' of type [org.springframework.orm.jpa.vendor.HibernateJpaVendorAdapter] is not eligible for getting processed by all BeanPostProcessors (for example: not eligible for auto-proxying)
2018-09-01 13:51:04.658 [main] INFO  o.s.orm.jpa.LocalContainerEntityManagerFactoryBean -Building JPA container EntityManagerFactory for persistence unit 'default'
2018-09-01 13:51:05.966 [main] INFO  o.s.orm.jpa.LocalContainerEntityManagerFactoryBean -Initialized JPA EntityManagerFactory for persistence unit 'default'
2018-09-01 13:51:05.969 [main] INFO  o.s.c.s.PostProcessorRegistrationDelegate$BeanPostProcessorChecker -Bean 'entityManagerFactory' of type [org.springframework.orm.jpa.LocalContainerEntityManagerFactoryBean] is not eligible for getting processed by all BeanPostProcessors (for example: not eligible for auto-proxying)
2018-09-01 13:51:05.992 [main] INFO  o.s.c.s.PostProcessorRegistrationDelegate$BeanPostProcessorChecker -Bean 'entityManagerFactory' of type [com.sun.proxy.$Proxy36] is not eligible for getting processed by all BeanPostProcessors (for example: not eligible for auto-proxying)
2018-09-01 13:51:06.012 [main] INFO  o.s.c.s.PostProcessorRegistrationDelegate$BeanPostProcessorChecker -Bean 'userDao' of type [com.warehouse.managerment.dao.sys.impl.UserDaoImpl] is not eligible for getting processed by all BeanPostProcessors (for example: not eligible for auto-proxying)
2018-09-01 13:51:06.021 [main] INFO  o.s.c.s.PostProcessorRegistrationDelegate$BeanPostProcessorChecker -Bean 'userRoleDao' of type [com.warehouse.managerment.dao.sys.impl.UserRoleDaoImpl] is not eligible for getting processed by all BeanPostProcessors (for example: not eligible for auto-proxying)
2018-09-01 13:51:06.023 [main] INFO  o.s.c.s.PostProcessorRegistrationDelegate$BeanPostProcessorChecker -Bean 'userServer' of type [com.warehouse.managerment.server.sys.impl.UserServerImpl] is not eligible for getting processed by all BeanPostProcessors (for example: not eligible for auto-proxying)
2018-09-01 13:51:06.050 [main] INFO  o.s.c.s.PostProcessorRegistrationDelegate$BeanPostProcessorChecker -Bean 'roleDao' of type [com.warehouse.managerment.dao.sys.impl.RoleDaoImpl] is not eligible for getting processed by all BeanPostProcessors (for example: not eligible for auto-proxying)
2018-09-01 13:51:06.051 [main] INFO  o.s.c.s.PostProcessorRegistrationDelegate$BeanPostProcessorChecker -Bean 'roleServer' of type [com.warehouse.managerment.server.sys.impl.RoleServerImpl] is not eligible for getting processed by all BeanPostProcessors (for example: not eligible for auto-proxying)
2018-09-01 13:51:06.066 [main] INFO  o.s.c.s.PostProcessorRegistrationDelegate$BeanPostProcessorChecker -Bean 'userRoleServer' of type [com.warehouse.managerment.server.sys.impl.UserRoleServerImpl] is not eligible for getting processed by all BeanPostProcessors (for example: not eligible for auto-proxying)
2018-09-01 13:51:06.083 [main] INFO  o.s.c.s.PostProcessorRegistrationDelegate$BeanPostProcessorChecker -Bean 'roleFunctionDao' of type [com.warehouse.managerment.dao.sys.impl.RoleFunctionDaoImpl] is not eligible for getting processed by all BeanPostProcessors (for example: not eligible for auto-proxying)
2018-09-01 13:51:06.085 [main] INFO  o.s.c.s.PostProcessorRegistrationDelegate$BeanPostProcessorChecker -Bean 'roleFunctionServer' of type [com.warehouse.managerment.server.sys.impl.RoleFunctionServerImpl] is not eligible for getting processed by all BeanPostProcessors (for example: not eligible for auto-proxying)
2018-09-01 13:51:06.098 [main] INFO  o.s.c.s.PostProcessorRegistrationDelegate$BeanPostProcessorChecker -Bean 'credentialsMatcher' of type [com.warehouse.managerment.entity.shiro.CustomCredentialsMatcher] is not eligible for getting processed by all BeanPostProcessors (for example: not eligible for auto-proxying)
2018-09-01 13:51:06.099 [main] INFO  o.s.c.s.PostProcessorRegistrationDelegate$BeanPostProcessorChecker -Bean 'agentAuthRealm' of type [com.warehouse.managerment.entity.shiro.AgentAuthRealm] is not eligible for getting processed by all BeanPostProcessors (for example: not eligible for auto-proxying)
2018-09-01 13:51:06.131 [main] INFO  o.s.c.s.PostProcessorRegistrationDelegate$BeanPostProcessorChecker -Bean 'sessionIdCookie' of type [org.apache.shiro.web.servlet.SimpleCookie] is not eligible for getting processed by all BeanPostProcessors (for example: not eligible for auto-proxying)
2018-09-01 13:51:06.132 [main] INFO  o.s.c.s.PostProcessorRegistrationDelegate$BeanPostProcessorChecker -Bean 'sessionManager' of type [org.apache.shiro.web.session.mgt.DefaultWebSessionManager] is not eligible for getting processed by all BeanPostProcessors (for example: not eligible for auto-proxying)
2018-09-01 13:51:06.144 [main] INFO  o.s.c.s.PostProcessorRegistrationDelegate$BeanPostProcessorChecker -Bean 'securityManager' of type [org.apache.shiro.web.mgt.DefaultWebSecurityManager] is not eligible for getting processed by all BeanPostProcessors (for example: not eligible for auto-proxying)
2018-09-01 13:51:06.163 [main] INFO  o.s.c.s.PostProcessorRegistrationDelegate$BeanPostProcessorChecker -Bean 'formAuthenticationFilter' of type [org.apache.shiro.web.filter.authc.FormAuthenticationFilter] is not eligible for getting processed by all BeanPostProcessors (for example: not eligible for auto-proxying)
2018-09-01 13:51:06.184 [main] INFO  o.s.c.s.PostProcessorRegistrationDelegate$BeanPostProcessorChecker -Bean 'sysUserFilter' of type [com.warehouse.managerment.entity.shiro.filter.SysUserFilter] is not eligible for getting processed by all BeanPostProcessors (for example: not eligible for auto-proxying)
2018-09-01 13:51:06.191 [main] INFO  o.s.c.s.PostProcessorRegistrationDelegate$BeanPostProcessorChecker -Bean 'util:map#2b48a640' of type [org.springframework.beans.factory.config.MapFactoryBean] is not eligible for getting processed by all BeanPostProcessors (for example: not eligible for auto-proxying)
2018-09-01 13:51:06.193 [main] INFO  o.s.c.s.PostProcessorRegistrationDelegate$BeanPostProcessorChecker -Bean 'util:map#2b48a640' of type [java.util.LinkedHashMap] is not eligible for getting processed by all BeanPostProcessors (for example: not eligible for auto-proxying)
2018-09-01 13:51:06.842 [main] INFO  org.mongodb.driver.cluster -Cluster created with settings {hosts=[192.168.0.18:27017], mode=SINGLE, requiredClusterType=UNKNOWN, serverSelectionTimeout='30000 ms', maxWaitQueueSize=500}
2018-09-01 13:51:06.919 [cluster-ClusterId{value='5b8a28cab6b10715e4a0c63c', description='null'}-192.168.0.18:27017] INFO  org.mongodb.driver.connection -Opened connection [connectionId{localValue:1, serverValue:584}] to 192.168.0.18:27017
2018-09-01 13:51:06.925 [cluster-ClusterId{value='5b8a28cab6b10715e4a0c63c', description='null'}-192.168.0.18:27017] INFO  org.mongodb.driver.cluster -Monitor thread successfully connected to server with description ServerDescription{address=192.168.0.18:27017, type=STANDALONE, state=CONNECTED, ok=true, version=ServerVersion{versionList=[3, 6, 3]}, minWireVersion=0, maxWireVersion=6, maxDocumentSize=16777216, logicalSessionTimeoutMinutes=30, roundTripTimeNanos=4018319}
2018-09-01 13:51:07.087 [main] INFO  org.mongodb.driver.connection -Opened connection [connectionId{localValue:2, serverValue:585}] to 192.168.0.18:27017
2018-09-01 13:51:07.535 [Thread-3] INFO  o.s.context.support.GenericApplicationContext -Closing org.springframework.context.support.GenericApplicationContext@5e4c8041: startup date [Sat Sep 01 13:51:03 CST 2018]; root of context hierarchy
2018-09-01 13:51:07.545 [Thread-3] INFO  o.s.orm.jpa.LocalContainerEntityManagerFactoryBean -Closing JPA EntityManagerFactory for persistence unit 'default'
2018-09-01 13:51:07.547 [Thread-3] INFO  com.alibaba.druid.pool.DruidDataSource -{dataSource-1} closed
2018-09-01 13:51:30.890 [main] INFO  o.s.t.c.support.DefaultTestContextBootstrapper -Loaded default TestExecutionListener class names from location [META-INF/spring.factories]: [org.springframework.test.context.web.ServletTestExecutionListener, org.springframework.test.context.support.DirtiesContextBeforeModesTestExecutionListener, org.springframework.test.context.support.DependencyInjectionTestExecutionListener, org.springframework.test.context.support.DirtiesContextTestExecutionListener, org.springframework.test.context.transaction.TransactionalTestExecutionListener, org.springframework.test.context.jdbc.SqlScriptsTestExecutionListener]
2018-09-01 13:51:30.916 [main] INFO  o.s.t.c.support.DefaultTestContextBootstrapper -Using TestExecutionListeners: [org.springframework.test.context.web.ServletTestExecutionListener@6328d34a, org.springframework.test.context.support.DirtiesContextBeforeModesTestExecutionListener@145eaa29, org.springframework.test.context.support.DependencyInjectionTestExecutionListener@15bb6bea, org.springframework.test.context.support.DirtiesContextTestExecutionListener@8b96fde, org.springframework.test.context.transaction.TransactionalTestExecutionListener@2d2e5f00, org.springframework.test.context.jdbc.SqlScriptsTestExecutionListener@4c40b76e]
2018-09-01 13:51:31.021 [main] INFO  o.s.beans.factory.xml.XmlBeanDefinitionReader -Loading XML bean definitions from class path resource [spring-application.xml]
2018-09-01 13:51:31.533 [main] INFO  o.s.d.r.config.RepositoryConfigurationDelegate -Multiple Spring Data modules found, entering strict repository configuration mode!
2018-09-01 13:51:31.582 [main] INFO  o.s.beans.factory.xml.XmlBeanDefinitionReader -Loading XML bean definitions from class path resource [shiro.xml]
2018-09-01 13:51:31.609 [main] INFO  o.s.beans.factory.xml.XmlBeanDefinitionReader -Loading XML bean definitions from class path resource [spring-redis.xml]
2018-09-01 13:51:31.619 [main] INFO  o.s.context.support.GenericApplicationContext -Refreshing org.springframework.context.support.GenericApplicationContext@5e4c8041: startup date [Sat Sep 01 13:51:31 CST 2018]; root of context hierarchy
2018-09-01 13:51:31.960 [main] INFO  o.s.b.f.a.AutowiredAnnotationBeanPostProcessor -JSR-330 'javax.inject.Inject' annotation found and supported for autowiring
2018-09-01 13:51:32.697 [main] INFO  com.alibaba.druid.pool.DruidDataSource -{dataSource-1} inited
2018-09-01 13:51:32.697 [main] INFO  o.s.c.s.PostProcessorRegistrationDelegate$BeanPostProcessorChecker -Bean 'dataSource' of type [com.alibaba.druid.pool.DruidDataSource] is not eligible for getting processed by all BeanPostProcessors (for example: not eligible for auto-proxying)
2018-09-01 13:51:32.733 [main] INFO  o.s.c.s.PostProcessorRegistrationDelegate$BeanPostProcessorChecker -Bean 'org.apache.shiro.spring.security.interceptor.AuthorizationAttributeSourceAdvisor#0' of type [org.apache.shiro.spring.security.interceptor.AuthorizationAttributeSourceAdvisor] is not eligible for getting processed by all BeanPostProcessors (for example: not eligible for auto-proxying)
2018-09-01 13:51:32.862 [main] INFO  o.s.c.s.PostProcessorRegistrationDelegate$BeanPostProcessorChecker -Bean 'hibernateJpaVendorAdapter' of type [org.springframework.orm.jpa.vendor.HibernateJpaVendorAdapter] is not eligible for getting processed by all BeanPostProcessors (for example: not eligible for auto-proxying)
2018-09-01 13:51:32.880 [main] INFO  o.s.orm.jpa.LocalContainerEntityManagerFactoryBean -Building JPA container EntityManagerFactory for persistence unit 'default'
2018-09-01 13:51:34.075 [main] INFO  o.s.orm.jpa.LocalContainerEntityManagerFactoryBean -Initialized JPA EntityManagerFactory for persistence unit 'default'
2018-09-01 13:51:34.078 [main] INFO  o.s.c.s.PostProcessorRegistrationDelegate$BeanPostProcessorChecker -Bean 'entityManagerFactory' of type [org.springframework.orm.jpa.LocalContainerEntityManagerFactoryBean] is not eligible for getting processed by all BeanPostProcessors (for example: not eligible for auto-proxying)
2018-09-01 13:51:34.096 [main] INFO  o.s.c.s.PostProcessorRegistrationDelegate$BeanPostProcessorChecker -Bean 'entityManagerFactory' of type [com.sun.proxy.$Proxy36] is not eligible for getting processed by all BeanPostProcessors (for example: not eligible for auto-proxying)
2018-09-01 13:51:34.110 [main] INFO  o.s.c.s.PostProcessorRegistrationDelegate$BeanPostProcessorChecker -Bean 'userDao' of type [com.warehouse.managerment.dao.sys.impl.UserDaoImpl] is not eligible for getting processed by all BeanPostProcessors (for example: not eligible for auto-proxying)
2018-09-01 13:51:34.118 [main] INFO  o.s.c.s.PostProcessorRegistrationDelegate$BeanPostProcessorChecker -Bean 'userRoleDao' of type [com.warehouse.managerment.dao.sys.impl.UserRoleDaoImpl] is not eligible for getting processed by all BeanPostProcessors (for example: not eligible for auto-proxying)
2018-09-01 13:51:34.120 [main] INFO  o.s.c.s.PostProcessorRegistrationDelegate$BeanPostProcessorChecker -Bean 'userServer' of type [com.warehouse.managerment.server.sys.impl.UserServerImpl] is not eligible for getting processed by all BeanPostProcessors (for example: not eligible for auto-proxying)
2018-09-01 13:51:34.144 [main] INFO  o.s.c.s.PostProcessorRegistrationDelegate$BeanPostProcessorChecker -Bean 'roleDao' of type [com.warehouse.managerment.dao.sys.impl.RoleDaoImpl] is not eligible for getting processed by all BeanPostProcessors (for example: not eligible for auto-proxying)
2018-09-01 13:51:34.145 [main] INFO  o.s.c.s.PostProcessorRegistrationDelegate$BeanPostProcessorChecker -Bean 'roleServer' of type [com.warehouse.managerment.server.sys.impl.RoleServerImpl] is not eligible for getting processed by all BeanPostProcessors (for example: not eligible for auto-proxying)
2018-09-01 13:51:34.159 [main] INFO  o.s.c.s.PostProcessorRegistrationDelegate$BeanPostProcessorChecker -Bean 'userRoleServer' of type [com.warehouse.managerment.server.sys.impl.UserRoleServerImpl] is not eligible for getting processed by all BeanPostProcessors (for example: not eligible for auto-proxying)
2018-09-01 13:51:34.175 [main] INFO  o.s.c.s.PostProcessorRegistrationDelegate$BeanPostProcessorChecker -Bean 'roleFunctionDao' of type [com.warehouse.managerment.dao.sys.impl.RoleFunctionDaoImpl] is not eligible for getting processed by all BeanPostProcessors (for example: not eligible for auto-proxying)
2018-09-01 13:51:34.176 [main] INFO  o.s.c.s.PostProcessorRegistrationDelegate$BeanPostProcessorChecker -Bean 'roleFunctionServer' of type [com.warehouse.managerment.server.sys.impl.RoleFunctionServerImpl] is not eligible for getting processed by all BeanPostProcessors (for example: not eligible for auto-proxying)
2018-09-01 13:51:34.189 [main] INFO  o.s.c.s.PostProcessorRegistrationDelegate$BeanPostProcessorChecker -Bean 'credentialsMatcher' of type [com.warehouse.managerment.entity.shiro.CustomCredentialsMatcher] is not eligible for getting processed by all BeanPostProcessors (for example: not eligible for auto-proxying)
2018-09-01 13:51:34.191 [main] INFO  o.s.c.s.PostProcessorRegistrationDelegate$BeanPostProcessorChecker -Bean 'agentAuthRealm' of type [com.warehouse.managerment.entity.shiro.AgentAuthRealm] is not eligible for getting processed by all BeanPostProcessors (for example: not eligible for auto-proxying)
2018-09-01 13:51:34.229 [main] INFO  o.s.c.s.PostProcessorRegistrationDelegate$BeanPostProcessorChecker -Bean 'sessionIdCookie' of type [org.apache.shiro.web.servlet.SimpleCookie] is not eligible for getting processed by all BeanPostProcessors (for example: not eligible for auto-proxying)
2018-09-01 13:51:34.231 [main] INFO  o.s.c.s.PostProcessorRegistrationDelegate$BeanPostProcessorChecker -Bean 'sessionManager' of type [org.apache.shiro.web.session.mgt.DefaultWebSessionManager] is not eligible for getting processed by all BeanPostProcessors (for example: not eligible for auto-proxying)
2018-09-01 13:51:34.245 [main] INFO  o.s.c.s.PostProcessorRegistrationDelegate$BeanPostProcessorChecker -Bean 'securityManager' of type [org.apache.shiro.web.mgt.DefaultWebSecurityManager] is not eligible for getting processed by all BeanPostProcessors (for example: not eligible for auto-proxying)
2018-09-01 13:51:34.267 [main] INFO  o.s.c.s.PostProcessorRegistrationDelegate$BeanPostProcessorChecker -Bean 'formAuthenticationFilter' of type [org.apache.shiro.web.filter.authc.FormAuthenticationFilter] is not eligible for getting processed by all BeanPostProcessors (for example: not eligible for auto-proxying)
2018-09-01 13:51:34.291 [main] INFO  o.s.c.s.PostProcessorRegistrationDelegate$BeanPostProcessorChecker -Bean 'sysUserFilter' of type [com.warehouse.managerment.entity.shiro.filter.SysUserFilter] is not eligible for getting processed by all BeanPostProcessors (for example: not eligible for auto-proxying)
2018-09-01 13:51:34.297 [main] INFO  o.s.c.s.PostProcessorRegistrationDelegate$BeanPostProcessorChecker -Bean 'util:map#2b48a640' of type [org.springframework.beans.factory.config.MapFactoryBean] is not eligible for getting processed by all BeanPostProcessors (for example: not eligible for auto-proxying)
2018-09-01 13:51:34.299 [main] INFO  o.s.c.s.PostProcessorRegistrationDelegate$BeanPostProcessorChecker -Bean 'util:map#2b48a640' of type [java.util.LinkedHashMap] is not eligible for getting processed by all BeanPostProcessors (for example: not eligible for auto-proxying)
2018-09-01 13:51:34.923 [main] INFO  org.mongodb.driver.cluster -Cluster created with settings {hosts=[192.168.0.18:27017], mode=SINGLE, requiredClusterType=UNKNOWN, serverSelectionTimeout='30000 ms', maxWaitQueueSize=500}
2018-09-01 13:51:34.999 [cluster-ClusterId{value='5b8a28e6b6b107285cdc1f02', description='null'}-192.168.0.18:27017] INFO  org.mongodb.driver.connection -Opened connection [connectionId{localValue:1, serverValue:586}] to 192.168.0.18:27017
2018-09-01 13:51:35.005 [cluster-ClusterId{value='5b8a28e6b6b107285cdc1f02', description='null'}-192.168.0.18:27017] INFO  org.mongodb.driver.cluster -Monitor thread successfully connected to server with description ServerDescription{address=192.168.0.18:27017, type=STANDALONE, state=CONNECTED, ok=true, version=ServerVersion{versionList=[3, 6, 3]}, minWireVersion=0, maxWireVersion=6, maxDocumentSize=16777216, logicalSessionTimeoutMinutes=30, roundTripTimeNanos=4537613}
2018-09-01 13:51:35.149 [main] INFO  org.mongodb.driver.connection -Opened connection [connectionId{localValue:2, serverValue:587}] to 192.168.0.18:27017
2018-09-01 13:51:35.573 [Thread-3] INFO  o.s.context.support.GenericApplicationContext -Closing org.springframework.context.support.GenericApplicationContext@5e4c8041: startup date [Sat Sep 01 13:51:31 CST 2018]; root of context hierarchy
2018-09-01 13:51:35.576 [Thread-3] INFO  o.s.orm.jpa.LocalContainerEntityManagerFactoryBean -Closing JPA EntityManagerFactory for persistence unit 'default'
2018-09-01 13:51:35.578 [Thread-3] INFO  com.alibaba.druid.pool.DruidDataSource -{dataSource-1} closed
2018-09-01 13:53:43.523 [main] INFO  o.s.t.c.support.DefaultTestContextBootstrapper -Loaded default TestExecutionListener class names from location [META-INF/spring.factories]: [org.springframework.test.context.web.ServletTestExecutionListener, org.springframework.test.context.support.DirtiesContextBeforeModesTestExecutionListener, org.springframework.test.context.support.DependencyInjectionTestExecutionListener, org.springframework.test.context.support.DirtiesContextTestExecutionListener, org.springframework.test.context.transaction.TransactionalTestExecutionListener, org.springframework.test.context.jdbc.SqlScriptsTestExecutionListener]
2018-09-01 13:53:43.541 [main] INFO  o.s.t.c.support.DefaultTestContextBootstrapper -Using TestExecutionListeners: [org.springframework.test.context.web.ServletTestExecutionListener@6328d34a, org.springframework.test.context.support.DirtiesContextBeforeModesTestExecutionListener@145eaa29, org.springframework.test.context.support.DependencyInjectionTestExecutionListener@15bb6bea, org.springframework.test.context.support.DirtiesContextTestExecutionListener@8b96fde, org.springframework.test.context.transaction.TransactionalTestExecutionListener@2d2e5f00, org.springframework.test.context.jdbc.SqlScriptsTestExecutionListener@4c40b76e]
2018-09-01 13:53:43.634 [main] INFO  o.s.beans.factory.xml.XmlBeanDefinitionReader -Loading XML bean definitions from class path resource [spring-application.xml]
2018-09-01 13:53:44.128 [main] INFO  o.s.d.r.config.RepositoryConfigurationDelegate -Multiple Spring Data modules found, entering strict repository configuration mode!
2018-09-01 13:53:44.183 [main] INFO  o.s.beans.factory.xml.XmlBeanDefinitionReader -Loading XML bean definitions from class path resource [shiro.xml]
2018-09-01 13:53:44.221 [main] INFO  o.s.beans.factory.xml.XmlBeanDefinitionReader -Loading XML bean definitions from class path resource [spring-redis.xml]
2018-09-01 13:53:44.272 [main] INFO  o.s.context.support.GenericApplicationContext -Refreshing org.springframework.context.support.GenericApplicationContext@5e4c8041: startup date [Sat Sep 01 13:53:44 CST 2018]; root of context hierarchy
2018-09-01 13:53:44.779 [main] INFO  o.s.b.f.a.AutowiredAnnotationBeanPostProcessor -JSR-330 'javax.inject.Inject' annotation found and supported for autowiring
2018-09-01 13:53:45.632 [main] INFO  com.alibaba.druid.pool.DruidDataSource -{dataSource-1} inited
2018-09-01 13:53:45.632 [main] INFO  o.s.c.s.PostProcessorRegistrationDelegate$BeanPostProcessorChecker -Bean 'dataSource' of type [com.alibaba.druid.pool.DruidDataSource] is not eligible for getting processed by all BeanPostProcessors (for example: not eligible for auto-proxying)
2018-09-01 13:53:45.660 [main] INFO  o.s.c.s.PostProcessorRegistrationDelegate$BeanPostProcessorChecker -Bean 'org.apache.shiro.spring.security.interceptor.AuthorizationAttributeSourceAdvisor#0' of type [org.apache.shiro.spring.security.interceptor.AuthorizationAttributeSourceAdvisor] is not eligible for getting processed by all BeanPostProcessors (for example: not eligible for auto-proxying)
2018-09-01 13:53:45.802 [main] INFO  o.s.c.s.PostProcessorRegistrationDelegate$BeanPostProcessorChecker -Bean 'hibernateJpaVendorAdapter' of type [org.springframework.orm.jpa.vendor.HibernateJpaVendorAdapter] is not eligible for getting processed by all BeanPostProcessors (for example: not eligible for auto-proxying)
2018-09-01 13:53:45.821 [main] INFO  o.s.orm.jpa.LocalContainerEntityManagerFactoryBean -Building JPA container EntityManagerFactory for persistence unit 'default'
2018-09-01 13:53:46.971 [main] INFO  o.s.orm.jpa.LocalContainerEntityManagerFactoryBean -Initialized JPA EntityManagerFactory for persistence unit 'default'
2018-09-01 13:53:46.974 [main] INFO  o.s.c.s.PostProcessorRegistrationDelegate$BeanPostProcessorChecker -Bean 'entityManagerFactory' of type [org.springframework.orm.jpa.LocalContainerEntityManagerFactoryBean] is not eligible for getting processed by all BeanPostProcessors (for example: not eligible for auto-proxying)
2018-09-01 13:53:46.997 [main] INFO  o.s.c.s.PostProcessorRegistrationDelegate$BeanPostProcessorChecker -Bean 'entityManagerFactory' of type [com.sun.proxy.$Proxy36] is not eligible for getting processed by all BeanPostProcessors (for example: not eligible for auto-proxying)
2018-09-01 13:53:47.014 [main] INFO  o.s.c.s.PostProcessorRegistrationDelegate$BeanPostProcessorChecker -Bean 'userDao' of type [com.warehouse.managerment.dao.sys.impl.UserDaoImpl] is not eligible for getting processed by all BeanPostProcessors (for example: not eligible for auto-proxying)
2018-09-01 13:53:47.023 [main] INFO  o.s.c.s.PostProcessorRegistrationDelegate$BeanPostProcessorChecker -Bean 'userRoleDao' of type [com.warehouse.managerment.dao.sys.impl.UserRoleDaoImpl] is not eligible for getting processed by all BeanPostProcessors (for example: not eligible for auto-proxying)
2018-09-01 13:53:47.025 [main] INFO  o.s.c.s.PostProcessorRegistrationDelegate$BeanPostProcessorChecker -Bean 'userServer' of type [com.warehouse.managerment.server.sys.impl.UserServerImpl] is not eligible for getting processed by all BeanPostProcessors (for example: not eligible for auto-proxying)
2018-09-01 13:53:47.049 [main] INFO  o.s.c.s.PostProcessorRegistrationDelegate$BeanPostProcessorChecker -Bean 'roleDao' of type [com.warehouse.managerment.dao.sys.impl.RoleDaoImpl] is not eligible for getting processed by all BeanPostProcessors (for example: not eligible for auto-proxying)
2018-09-01 13:53:47.050 [main] INFO  o.s.c.s.PostProcessorRegistrationDelegate$BeanPostProcessorChecker -Bean 'roleServer' of type [com.warehouse.managerment.server.sys.impl.RoleServerImpl] is not eligible for getting processed by all BeanPostProcessors (for example: not eligible for auto-proxying)
2018-09-01 13:53:47.064 [main] INFO  o.s.c.s.PostProcessorRegistrationDelegate$BeanPostProcessorChecker -Bean 'userRoleServer' of type [com.warehouse.managerment.server.sys.impl.UserRoleServerImpl] is not eligible for getting processed by all BeanPostProcessors (for example: not eligible for auto-proxying)
2018-09-01 13:53:47.081 [main] INFO  o.s.c.s.PostProcessorRegistrationDelegate$BeanPostProcessorChecker -Bean 'roleFunctionDao' of type [com.warehouse.managerment.dao.sys.impl.RoleFunctionDaoImpl] is not eligible for getting processed by all BeanPostProcessors (for example: not eligible for auto-proxying)
2018-09-01 13:53:47.082 [main] INFO  o.s.c.s.PostProcessorRegistrationDelegate$BeanPostProcessorChecker -Bean 'roleFunctionServer' of type [com.warehouse.managerment.server.sys.impl.RoleFunctionServerImpl] is not eligible for getting processed by all BeanPostProcessors (for example: not eligible for auto-proxying)
2018-09-01 13:53:47.094 [main] INFO  o.s.c.s.PostProcessorRegistrationDelegate$BeanPostProcessorChecker -Bean 'credentialsMatcher' of type [com.warehouse.managerment.entity.shiro.CustomCredentialsMatcher] is not eligible for getting processed by all BeanPostProcessors (for example: not eligible for auto-proxying)
2018-09-01 13:53:47.095 [main] INFO  o.s.c.s.PostProcessorRegistrationDelegate$BeanPostProcessorChecker -Bean 'agentAuthRealm' of type [com.warehouse.managerment.entity.shiro.AgentAuthRealm] is not eligible for getting processed by all BeanPostProcessors (for example: not eligible for auto-proxying)
2018-09-01 13:53:47.119 [main] INFO  o.s.c.s.PostProcessorRegistrationDelegate$BeanPostProcessorChecker -Bean 'sessionIdCookie' of type [org.apache.shiro.web.servlet.SimpleCookie] is not eligible for getting processed by all BeanPostProcessors (for example: not eligible for auto-proxying)
2018-09-01 13:53:47.120 [main] INFO  o.s.c.s.PostProcessorRegistrationDelegate$BeanPostProcessorChecker -Bean 'sessionManager' of type [org.apache.shiro.web.session.mgt.DefaultWebSessionManager] is not eligible for getting processed by all BeanPostProcessors (for example: not eligible for auto-proxying)
2018-09-01 13:53:47.132 [main] INFO  o.s.c.s.PostProcessorRegistrationDelegate$BeanPostProcessorChecker -Bean 'securityManager' of type [org.apache.shiro.web.mgt.DefaultWebSecurityManager] is not eligible for getting processed by all BeanPostProcessors (for example: not eligible for auto-proxying)
2018-09-01 13:53:47.148 [main] INFO  o.s.c.s.PostProcessorRegistrationDelegate$BeanPostProcessorChecker -Bean 'formAuthenticationFilter' of type [org.apache.shiro.web.filter.authc.FormAuthenticationFilter] is not eligible for getting processed by all BeanPostProcessors (for example: not eligible for auto-proxying)
2018-09-01 13:53:47.168 [main] INFO  o.s.c.s.PostProcessorRegistrationDelegate$BeanPostProcessorChecker -Bean 'sysUserFilter' of type [com.warehouse.managerment.entity.shiro.filter.SysUserFilter] is not eligible for getting processed by all BeanPostProcessors (for example: not eligible for auto-proxying)
2018-09-01 13:53:47.175 [main] INFO  o.s.c.s.PostProcessorRegistrationDelegate$BeanPostProcessorChecker -Bean 'util:map#2b48a640' of type [org.springframework.beans.factory.config.MapFactoryBean] is not eligible for getting processed by all BeanPostProcessors (for example: not eligible for auto-proxying)
2018-09-01 13:53:47.177 [main] INFO  o.s.c.s.PostProcessorRegistrationDelegate$BeanPostProcessorChecker -Bean 'util:map#2b48a640' of type [java.util.LinkedHashMap] is not eligible for getting processed by all BeanPostProcessors (for example: not eligible for auto-proxying)
2018-09-01 13:53:47.781 [main] INFO  org.mongodb.driver.cluster -Cluster created with settings {hosts=[192.168.0.18:27017], mode=SINGLE, requiredClusterType=UNKNOWN, serverSelectionTimeout='30000 ms', maxWaitQueueSize=500}
2018-09-01 13:53:47.857 [cluster-ClusterId{value='5b8a296bb6b1070794c1d590', description='null'}-192.168.0.18:27017] INFO  org.mongodb.driver.connection -Opened connection [connectionId{localValue:1, serverValue:592}] to 192.168.0.18:27017
2018-09-01 13:53:47.863 [cluster-ClusterId{value='5b8a296bb6b1070794c1d590', description='null'}-192.168.0.18:27017] INFO  org.mongodb.driver.cluster -Monitor thread successfully connected to server with description ServerDescription{address=192.168.0.18:27017, type=STANDALONE, state=CONNECTED, ok=true, version=ServerVersion{versionList=[3, 6, 3]}, minWireVersion=0, maxWireVersion=6, maxDocumentSize=16777216, logicalSessionTimeoutMinutes=30, roundTripTimeNanos=4076667}
2018-09-01 13:53:48.013 [main] INFO  org.mongodb.driver.connection -Opened connection [connectionId{localValue:2, serverValue:593}] to 192.168.0.18:27017
2018-09-01 13:54:35.918 [Thread-3] INFO  o.s.context.support.GenericApplicationContext -Closing org.springframework.context.support.GenericApplicationContext@5e4c8041: startup date [Sat Sep 01 13:53:44 CST 2018]; root of context hierarchy
2018-09-01 13:54:35.922 [Thread-3] INFO  o.s.orm.jpa.LocalContainerEntityManagerFactoryBean -Closing JPA EntityManagerFactory for persistence unit 'default'
2018-09-01 13:54:35.924 [Thread-3] INFO  com.alibaba.druid.pool.DruidDataSource -{dataSource-1} closed
2018-09-01 13:56:26.775 [main] INFO  o.s.t.c.support.DefaultTestContextBootstrapper -Loaded default TestExecutionListener class names from location [META-INF/spring.factories]: [org.springframework.test.context.web.ServletTestExecutionListener, org.springframework.test.context.support.DirtiesContextBeforeModesTestExecutionListener, org.springframework.test.context.support.DependencyInjectionTestExecutionListener, org.springframework.test.context.support.DirtiesContextTestExecutionListener, org.springframework.test.context.transaction.TransactionalTestExecutionListener, org.springframework.test.context.jdbc.SqlScriptsTestExecutionListener]
2018-09-01 13:56:26.795 [main] INFO  o.s.t.c.support.DefaultTestContextBootstrapper -Using TestExecutionListeners: [org.springframework.test.context.web.ServletTestExecutionListener@6328d34a, org.springframework.test.context.support.DirtiesContextBeforeModesTestExecutionListener@145eaa29, org.springframework.test.context.support.DependencyInjectionTestExecutionListener@15bb6bea, org.springframework.test.context.support.DirtiesContextTestExecutionListener@8b96fde, org.springframework.test.context.transaction.TransactionalTestExecutionListener@2d2e5f00, org.springframework.test.context.jdbc.SqlScriptsTestExecutionListener@4c40b76e]
2018-09-01 13:56:26.880 [main] INFO  o.s.beans.factory.xml.XmlBeanDefinitionReader -Loading XML bean definitions from class path resource [spring-application.xml]
2018-09-01 13:56:27.383 [main] INFO  o.s.d.r.config.RepositoryConfigurationDelegate -Multiple Spring Data modules found, entering strict repository configuration mode!
2018-09-01 13:56:27.430 [main] INFO  o.s.beans.factory.xml.XmlBeanDefinitionReader -Loading XML bean definitions from class path resource [shiro.xml]
2018-09-01 13:56:27.463 [main] INFO  o.s.beans.factory.xml.XmlBeanDefinitionReader -Loading XML bean definitions from class path resource [spring-redis.xml]
2018-09-01 13:56:27.491 [main] INFO  o.s.context.support.GenericApplicationContext -Refreshing org.springframework.context.support.GenericApplicationContext@5e4c8041: startup date [Sat Sep 01 13:56:27 CST 2018]; root of context hierarchy
2018-09-01 13:56:27.897 [main] INFO  o.s.b.f.a.AutowiredAnnotationBeanPostProcessor -JSR-330 'javax.inject.Inject' annotation found and supported for autowiring
2018-09-01 13:56:28.733 [main] INFO  com.alibaba.druid.pool.DruidDataSource -{dataSource-1} inited
2018-09-01 13:56:28.733 [main] INFO  o.s.c.s.PostProcessorRegistrationDelegate$BeanPostProcessorChecker -Bean 'dataSource' of type [com.alibaba.druid.pool.DruidDataSource] is not eligible for getting processed by all BeanPostProcessors (for example: not eligible for auto-proxying)
2018-09-01 13:56:28.762 [main] INFO  o.s.c.s.PostProcessorRegistrationDelegate$BeanPostProcessorChecker -Bean 'org.apache.shiro.spring.security.interceptor.AuthorizationAttributeSourceAdvisor#0' of type [org.apache.shiro.spring.security.interceptor.AuthorizationAttributeSourceAdvisor] is not eligible for getting processed by all BeanPostProcessors (for example: not eligible for auto-proxying)
2018-09-01 13:56:28.893 [main] INFO  o.s.c.s.PostProcessorRegistrationDelegate$BeanPostProcessorChecker -Bean 'hibernateJpaVendorAdapter' of type [org.springframework.orm.jpa.vendor.HibernateJpaVendorAdapter] is not eligible for getting processed by all BeanPostProcessors (for example: not eligible for auto-proxying)
2018-09-01 13:56:28.913 [main] INFO  o.s.orm.jpa.LocalContainerEntityManagerFactoryBean -Building JPA container EntityManagerFactory for persistence unit 'default'
2018-09-01 13:56:30.157 [main] INFO  o.s.orm.jpa.LocalContainerEntityManagerFactoryBean -Initialized JPA EntityManagerFactory for persistence unit 'default'
2018-09-01 13:56:30.159 [main] INFO  o.s.c.s.PostProcessorRegistrationDelegate$BeanPostProcessorChecker -Bean 'entityManagerFactory' of type [org.springframework.orm.jpa.LocalContainerEntityManagerFactoryBean] is not eligible for getting processed by all BeanPostProcessors (for example: not eligible for auto-proxying)
2018-09-01 13:56:30.183 [main] INFO  o.s.c.s.PostProcessorRegistrationDelegate$BeanPostProcessorChecker -Bean 'entityManagerFactory' of type [com.sun.proxy.$Proxy36] is not eligible for getting processed by all BeanPostProcessors (for example: not eligible for auto-proxying)
2018-09-01 13:56:30.203 [main] INFO  o.s.c.s.PostProcessorRegistrationDelegate$BeanPostProcessorChecker -Bean 'userDao' of type [com.warehouse.managerment.dao.sys.impl.UserDaoImpl] is not eligible for getting processed by all BeanPostProcessors (for example: not eligible for auto-proxying)
2018-09-01 13:56:30.216 [main] INFO  o.s.c.s.PostProcessorRegistrationDelegate$BeanPostProcessorChecker -Bean 'userRoleDao' of type [com.warehouse.managerment.dao.sys.impl.UserRoleDaoImpl] is not eligible for getting processed by all BeanPostProcessors (for example: not eligible for auto-proxying)
2018-09-01 13:56:30.219 [main] INFO  o.s.c.s.PostProcessorRegistrationDelegate$BeanPostProcessorChecker -Bean 'userServer' of type [com.warehouse.managerment.server.sys.impl.UserServerImpl] is not eligible for getting processed by all BeanPostProcessors (for example: not eligible for auto-proxying)
2018-09-01 13:56:30.245 [main] INFO  o.s.c.s.PostProcessorRegistrationDelegate$BeanPostProcessorChecker -Bean 'roleDao' of type [com.warehouse.managerment.dao.sys.impl.RoleDaoImpl] is not eligible for getting processed by all BeanPostProcessors (for example: not eligible for auto-proxying)
2018-09-01 13:56:30.247 [main] INFO  o.s.c.s.PostProcessorRegistrationDelegate$BeanPostProcessorChecker -Bean 'roleServer' of type [com.warehouse.managerment.server.sys.impl.RoleServerImpl] is not eligible for getting processed by all BeanPostProcessors (for example: not eligible for auto-proxying)
2018-09-01 13:56:30.264 [main] INFO  o.s.c.s.PostProcessorRegistrationDelegate$BeanPostProcessorChecker -Bean 'userRoleServer' of type [com.warehouse.managerment.server.sys.impl.UserRoleServerImpl] is not eligible for getting processed by all BeanPostProcessors (for example: not eligible for auto-proxying)
2018-09-01 13:56:30.282 [main] INFO  o.s.c.s.PostProcessorRegistrationDelegate$BeanPostProcessorChecker -Bean 'roleFunctionDao' of type [com.warehouse.managerment.dao.sys.impl.RoleFunctionDaoImpl] is not eligible for getting processed by all BeanPostProcessors (for example: not eligible for auto-proxying)
2018-09-01 13:56:30.284 [main] INFO  o.s.c.s.PostProcessorRegistrationDelegate$BeanPostProcessorChecker -Bean 'roleFunctionServer' of type [com.warehouse.managerment.server.sys.impl.RoleFunctionServerImpl] is not eligible for getting processed by all BeanPostProcessors (for example: not eligible for auto-proxying)
2018-09-01 13:56:30.297 [main] INFO  o.s.c.s.PostProcessorRegistrationDelegate$BeanPostProcessorChecker -Bean 'credentialsMatcher' of type [com.warehouse.managerment.entity.shiro.CustomCredentialsMatcher] is not eligible for getting processed by all BeanPostProcessors (for example: not eligible for auto-proxying)
2018-09-01 13:56:30.298 [main] INFO  o.s.c.s.PostProcessorRegistrationDelegate$BeanPostProcessorChecker -Bean 'agentAuthRealm' of type [com.warehouse.managerment.entity.shiro.AgentAuthRealm] is not eligible for getting processed by all BeanPostProcessors (for example: not eligible for auto-proxying)
2018-09-01 13:56:30.327 [main] INFO  o.s.c.s.PostProcessorRegistrationDelegate$BeanPostProcessorChecker -Bean 'sessionIdCookie' of type [org.apache.shiro.web.servlet.SimpleCookie] is not eligible for getting processed by all BeanPostProcessors (for example: not eligible for auto-proxying)
2018-09-01 13:56:30.329 [main] INFO  o.s.c.s.PostProcessorRegistrationDelegate$BeanPostProcessorChecker -Bean 'sessionManager' of type [org.apache.shiro.web.session.mgt.DefaultWebSessionManager] is not eligible for getting processed by all BeanPostProcessors (for example: not eligible for auto-proxying)
2018-09-01 13:56:30.342 [main] INFO  o.s.c.s.PostProcessorRegistrationDelegate$BeanPostProcessorChecker -Bean 'securityManager' of type [org.apache.shiro.web.mgt.DefaultWebSecurityManager] is not eligible for getting processed by all BeanPostProcessors (for example: not eligible for auto-proxying)
2018-09-01 13:56:30.360 [main] INFO  o.s.c.s.PostProcessorRegistrationDelegate$BeanPostProcessorChecker -Bean 'formAuthenticationFilter' of type [org.apache.shiro.web.filter.authc.FormAuthenticationFilter] is not eligible for getting processed by all BeanPostProcessors (for example: not eligible for auto-proxying)
2018-09-01 13:56:30.388 [main] INFO  o.s.c.s.PostProcessorRegistrationDelegate$BeanPostProcessorChecker -Bean 'sysUserFilter' of type [com.warehouse.managerment.entity.shiro.filter.SysUserFilter] is not eligible for getting processed by all BeanPostProcessors (for example: not eligible for auto-proxying)
2018-09-01 13:56:30.394 [main] INFO  o.s.c.s.PostProcessorRegistrationDelegate$BeanPostProcessorChecker -Bean 'util:map#2b48a640' of type [org.springframework.beans.factory.config.MapFactoryBean] is not eligible for getting processed by all BeanPostProcessors (for example: not eligible for auto-proxying)
2018-09-01 13:56:30.397 [main] INFO  o.s.c.s.PostProcessorRegistrationDelegate$BeanPostProcessorChecker -Bean 'util:map#2b48a640' of type [java.util.LinkedHashMap] is not eligible for getting processed by all BeanPostProcessors (for example: not eligible for auto-proxying)
2018-09-01 13:56:31.054 [main] INFO  org.mongodb.driver.cluster -Cluster created with settings {hosts=[192.168.0.18:27017], mode=SINGLE, requiredClusterType=UNKNOWN, serverSelectionTimeout='30000 ms', maxWaitQueueSize=500}
2018-09-01 13:56:31.129 [cluster-ClusterId{value='5b8a2a0fb6b107007cb5f572', description='null'}-192.168.0.18:27017] INFO  org.mongodb.driver.connection -Opened connection [connectionId{localValue:1, serverValue:596}] to 192.168.0.18:27017
2018-09-01 13:56:31.134 [cluster-ClusterId{value='5b8a2a0fb6b107007cb5f572', description='null'}-192.168.0.18:27017] INFO  org.mongodb.driver.cluster -Monitor thread successfully connected to server with description ServerDescription{address=192.168.0.18:27017, type=STANDALONE, state=CONNECTED, ok=true, version=ServerVersion{versionList=[3, 6, 3]}, minWireVersion=0, maxWireVersion=6, maxDocumentSize=16777216, logicalSessionTimeoutMinutes=30, roundTripTimeNanos=3812645}
2018-09-01 13:56:31.276 [main] INFO  org.mongodb.driver.connection -Opened connection [connectionId{localValue:2, serverValue:597}] to 192.168.0.18:27017
2018-09-01 13:57:24.631 [Thread-3] INFO  o.s.context.support.GenericApplicationContext -Closing org.springframework.context.support.GenericApplicationContext@5e4c8041: startup date [Sat Sep 01 13:56:27 CST 2018]; root of context hierarchy
2018-09-01 13:57:24.637 [Thread-3] INFO  o.s.orm.jpa.LocalContainerEntityManagerFactoryBean -Closing JPA EntityManagerFactory for persistence unit 'default'
2018-09-01 13:57:24.639 [Thread-3] INFO  com.alibaba.druid.pool.DruidDataSource -{dataSource-1} closed
